[2022-08-17 10:39:04] local.INFO: []  
[2022-08-17 10:39:05] local.INFO: []  
[2022-08-17 10:39:33] local.INFO: []  
[2022-08-17 10:42:41] local.INFO: [{"id":1,"festival_id":1,"name":"Aerosmith","picture":"mindegy","description":"Lorem Ipsum","artist_name":"Aerosmith","start_time":"2023-06-04 21:00:00","end_time":"2023-06-04 22:00:00","latitude":"10.00","longitude":"10.00","created_at":null,"updated_at":null,"pivot":{"user_id":19,"event_id":1}},{"id":2,"festival_id":1,"name":"Depeche","picture":"mindegy","description":"IpsumLorem","artist_name":"Depeche","start_time":"2023-06-07 20:00:00","end_time":"2023-06-07 22:00:00","latitude":"10.00","longitude":"10.00","created_at":null,"updated_at":null,"pivot":{"user_id":19,"event_id":2}}]  
[2022-08-17 10:43:11] local.INFO: [{"id":1,"festival_id":1,"name":"Aerosmith","picture":"mindegy","description":"Lorem Ipsum","artist_name":"Aerosmith","start_time":"2023-06-04 21:00:00","end_time":"2023-06-04 22:00:00","latitude":"10.00","longitude":"10.00","created_at":null,"updated_at":null,"pivot":{"user_id":19,"event_id":1}}]  
[2022-08-17 10:43:20] local.INFO: [{"id":1,"festival_id":1,"name":"Aerosmith","picture":"mindegy","description":"Lorem Ipsum","artist_name":"Aerosmith","start_time":"2023-06-04 21:00:00","end_time":"2023-06-04 22:00:00","latitude":"10.00","longitude":"10.00","created_at":null,"updated_at":null,"pivot":{"user_id":19,"event_id":1}},{"id":2,"festival_id":1,"name":"Depeche","picture":"mindegy","description":"IpsumLorem","artist_name":"Depeche","start_time":"2023-06-07 20:00:00","end_time":"2023-06-07 22:00:00","latitude":"10.00","longitude":"10.00","created_at":null,"updated_at":null,"pivot":{"user_id":19,"event_id":2}}]  
[2022-08-17 10:43:54] local.INFO: [{"id":1,"festival_id":1,"name":"Aerosmith","picture":"mindegy","description":"Lorem Ipsum","artist_name":"Aerosmith","start_time":"2023-06-04 21:00:00","end_time":"2023-06-04 22:00:00","latitude":"10.00","longitude":"10.00","created_at":null,"updated_at":null,"pivot":{"user_id":19,"event_id":1}},{"id":2,"festival_id":1,"name":"Depeche","picture":"mindegy","description":"IpsumLorem","artist_name":"Depeche","start_time":"2023-06-07 20:00:00","end_time":"2023-06-07 22:00:00","latitude":"10.00","longitude":"10.00","created_at":null,"updated_at":null,"pivot":{"user_id":19,"event_id":2}}]  
[2022-08-17 10:43:55] local.INFO: [{"id":1,"festival_id":1,"name":"Aerosmith","picture":"mindegy","description":"Lorem Ipsum","artist_name":"Aerosmith","start_time":"2023-06-04 21:00:00","end_time":"2023-06-04 22:00:00","latitude":"10.00","longitude":"10.00","created_at":null,"updated_at":null,"pivot":{"user_id":19,"event_id":1}},{"id":2,"festival_id":1,"name":"Depeche","picture":"mindegy","description":"IpsumLorem","artist_name":"Depeche","start_time":"2023-06-07 20:00:00","end_time":"2023-06-07 22:00:00","latitude":"10.00","longitude":"10.00","created_at":null,"updated_at":null,"pivot":{"user_id":19,"event_id":2}}]  
[2022-08-17 15:57:44] local.INFO: []  
[2022-08-17 16:36:29] local.ERROR: Call to undefined function typeOf() {"view":{"view":"/home/idx/PhpstormProjects/Festival_Sajat_Gyakorlas/Festival_Sajat_Gyakorlas/resources/views/festivals.blade.php","data":[]},"exception":"[object] (Spatie\\LaravelIgnition\\Exceptions\\ViewException(code: 0): Call to undefined function typeOf() at /home/idx/PhpstormProjects/Festival_Sajat_Gyakorlas/Festival_Sajat_Gyakorlas/resources/views/festivals.blade.php:11)
[stacktrace]
#0 /home/idx/PhpstormProjects/Festival_Sajat_Gyakorlas/Festival_Sajat_Gyakorlas/vendor/laravel/framework/src/Illuminate/Filesystem/Filesystem.php(107): require()
#1 /home/idx/PhpstormProjects/Festival_Sajat_Gyakorlas/Festival_Sajat_Gyakorlas/vendor/laravel/framework/src/Illuminate/Filesystem/Filesystem.php(108): Illuminate\\Filesystem\\Filesystem::Illuminate\\Filesystem\\{closure}()
#2 /home/idx/PhpstormProjects/Festival_Sajat_Gyakorlas/Festival_Sajat_Gyakorlas/vendor/laravel/framework/src/Illuminate/View/Engines/PhpEngine.php(58): Illuminate\\Filesystem\\Filesystem->getRequire()
#3 /home/idx/PhpstormProjects/Festival_Sajat_Gyakorlas/Festival_Sajat_Gyakorlas/vendor/laravel/framework/src/Illuminate/View/Engines/CompilerEngine.php(61): Illuminate\\View\\Engines\\PhpEngine->evaluatePath()
#4 /home/idx/PhpstormProjects/Festival_Sajat_Gyakorlas/Festival_Sajat_Gyakorlas/vendor/laravel/framework/src/Illuminate/View/View.php(139): Illuminate\\View\\Engines\\CompilerEngine->get()
#5 /home/idx/PhpstormProjects/Festival_Sajat_Gyakorlas/Festival_Sajat_Gyakorlas/vendor/laravel/framework/src/Illuminate/View/View.php(122): Illuminate\\View\\View->getContents()
#6 /home/idx/PhpstormProjects/Festival_Sajat_Gyakorlas/Festival_Sajat_Gyakorlas/vendor/laravel/framework/src/Illuminate/View/View.php(91): Illuminate\\View\\View->renderContents()
#7 /home/idx/PhpstormProjects/Festival_Sajat_Gyakorlas/Festival_Sajat_Gyakorlas/vendor/laravel/framework/src/Illuminate/Http/Response.php(69): Illuminate\\View\\View->render()
#8 /home/idx/PhpstormProjects/Festival_Sajat_Gyakorlas/Festival_Sajat_Gyakorlas/vendor/laravel/framework/src/Illuminate/Http/Response.php(35): Illuminate\\Http\\Response->setContent()
#9 /home/idx/PhpstormProjects/Festival_Sajat_Gyakorlas/Festival_Sajat_Gyakorlas/vendor/laravel/framework/src/Illuminate/Routing/Router.php(833): Illuminate\\Http\\Response->__construct()
#10 /home/idx/PhpstormProjects/Festival_Sajat_Gyakorlas/Festival_Sajat_Gyakorlas/vendor/laravel/framework/src/Illuminate/Routing/Router.php(802): Illuminate\\Routing\\Router::toResponse()
#11 /home/idx/PhpstormProjects/Festival_Sajat_Gyakorlas/Festival_Sajat_Gyakorlas/vendor/laravel/framework/src/Illuminate/Routing/Router.php(725): Illuminate\\Routing\\Router->prepareResponse()
#12 /home/idx/PhpstormProjects/Festival_Sajat_Gyakorlas/Festival_Sajat_Gyakorlas/vendor/laravel/framework/src/Illuminate/Pipeline/Pipeline.php(141): Illuminate\\Routing\\Router->Illuminate\\Routing\\{closure}()
#13 /home/idx/PhpstormProjects/Festival_Sajat_Gyakorlas/Festival_Sajat_Gyakorlas/vendor/laravel/framework/src/Illuminate/Routing/Middleware/SubstituteBindings.php(50): Illuminate\\Pipeline\\Pipeline->Illuminate\\Pipeline\\{closure}()
#14 /home/idx/PhpstormProjects/Festival_Sajat_Gyakorlas/Festival_Sajat_Gyakorlas/vendor/laravel/framework/src/Illuminate/Pipeline/Pipeline.php(180): Illuminate\\Routing\\Middleware\\SubstituteBindings->handle()
#15 /home/idx/PhpstormProjects/Festival_Sajat_Gyakorlas/Festival_Sajat_Gyakorlas/vendor/laravel/framework/src/Illuminate/Foundation/Http/Middleware/VerifyCsrfToken.php(78): Illuminate\\Pipeline\\Pipeline->Illuminate\\Pipeline\\{closure}()
#16 /home/idx/PhpstormProjects/Festival_Sajat_Gyakorlas/Festival_Sajat_Gyakorlas/vendor/laravel/framework/src/Illuminate/Pipeline/Pipeline.php(180): Illuminate\\Foundation\\Http\\Middleware\\VerifyCsrfToken->handle()
#17 /home/idx/PhpstormProjects/Festival_Sajat_Gyakorlas/Festival_Sajat_Gyakorlas/vendor/laravel/framework/src/Illuminate/View/Middleware/ShareErrorsFromSession.php(49): Illuminate\\Pipeline\\Pipeline->Illuminate\\Pipeline\\{closure}()
#18 /home/idx/PhpstormProjects/Festival_Sajat_Gyakorlas/Festival_Sajat_Gyakorlas/vendor/laravel/framework/src/Illuminate/Pipeline/Pipeline.php(180): Illuminate\\View\\Middleware\\ShareErrorsFromSession->handle()
#19 /home/idx/PhpstormProjects/Festival_Sajat_Gyakorlas/Festival_Sajat_Gyakorlas/vendor/laravel/framework/src/Illuminate/Session/Middleware/StartSession.php(121): Illuminate\\Pipeline\\Pipeline->Illuminate\\Pipeline\\{closure}()
#20 /home/idx/PhpstormProjects/Festival_Sajat_Gyakorlas/Festival_Sajat_Gyakorlas/vendor/laravel/framework/src/Illuminate/Session/Middleware/StartSession.php(64): Illuminate\\Session\\Middleware\\StartSession->handleStatefulRequest()
#21 /home/idx/PhpstormProjects/Festival_Sajat_Gyakorlas/Festival_Sajat_Gyakorlas/vendor/laravel/framework/src/Illuminate/Pipeline/Pipeline.php(180): Illuminate\\Session\\Middleware\\StartSession->handle()
#22 /home/idx/PhpstormProjects/Festival_Sajat_Gyakorlas/Festival_Sajat_Gyakorlas/vendor/laravel/framework/src/Illuminate/Cookie/Middleware/AddQueuedCookiesToResponse.php(37): Illuminate\\Pipeline\\Pipeline->Illuminate\\Pipeline\\{closure}()
#23 /home/idx/PhpstormProjects/Festival_Sajat_Gyakorlas/Festival_Sajat_Gyakorlas/vendor/laravel/framework/src/Illuminate/Pipeline/Pipeline.php(180): Illuminate\\Cookie\\Middleware\\AddQueuedCookiesToResponse->handle()
#24 /home/idx/PhpstormProjects/Festival_Sajat_Gyakorlas/Festival_Sajat_Gyakorlas/vendor/laravel/framework/src/Illuminate/Cookie/Middleware/EncryptCookies.php(67): Illuminate\\Pipeline\\Pipeline->Illuminate\\Pipeline\\{closure}()
#25 /home/idx/PhpstormProjects/Festival_Sajat_Gyakorlas/Festival_Sajat_Gyakorlas/vendor/laravel/framework/src/Illuminate/Pipeline/Pipeline.php(180): Illuminate\\Cookie\\Middleware\\EncryptCookies->handle()
#26 /home/idx/PhpstormProjects/Festival_Sajat_Gyakorlas/Festival_Sajat_Gyakorlas/vendor/laravel/framework/src/Illuminate/Pipeline/Pipeline.php(116): Illuminate\\Pipeline\\Pipeline->Illuminate\\Pipeline\\{closure}()
#27 /home/idx/PhpstormProjects/Festival_Sajat_Gyakorlas/Festival_Sajat_Gyakorlas/vendor/laravel/framework/src/Illuminate/Routing/Router.php(726): Illuminate\\Pipeline\\Pipeline->then()
#28 /home/idx/PhpstormProjects/Festival_Sajat_Gyakorlas/Festival_Sajat_Gyakorlas/vendor/laravel/framework/src/Illuminate/Routing/Router.php(703): Illuminate\\Routing\\Router->runRouteWithinStack()
#29 /home/idx/PhpstormProjects/Festival_Sajat_Gyakorlas/Festival_Sajat_Gyakorlas/vendor/laravel/framework/src/Illuminate/Routing/Router.php(667): Illuminate\\Routing\\Router->runRoute()
#30 /home/idx/PhpstormProjects/Festival_Sajat_Gyakorlas/Festival_Sajat_Gyakorlas/vendor/laravel/framework/src/Illuminate/Routing/Router.php(656): Illuminate\\Routing\\Router->dispatchToRoute()
#31 /home/idx/PhpstormProjects/Festival_Sajat_Gyakorlas/Festival_Sajat_Gyakorlas/vendor/laravel/framework/src/Illuminate/Foundation/Http/Kernel.php(167): Illuminate\\Routing\\Router->dispatch()
#32 /home/idx/PhpstormProjects/Festival_Sajat_Gyakorlas/Festival_Sajat_Gyakorlas/vendor/laravel/framework/src/Illuminate/Pipeline/Pipeline.php(141): Illuminate\\Foundation\\Http\\Kernel->Illuminate\\Foundation\\Http\\{closure}()
#33 /home/idx/PhpstormProjects/Festival_Sajat_Gyakorlas/Festival_Sajat_Gyakorlas/vendor/laravel/framework/src/Illuminate/Foundation/Http/Middleware/TransformsRequest.php(21): Illuminate\\Pipeline\\Pipeline->Illuminate\\Pipeline\\{closure}()
#34 /home/idx/PhpstormProjects/Festival_Sajat_Gyakorlas/Festival_Sajat_Gyakorlas/vendor/laravel/framework/src/Illuminate/Foundation/Http/Middleware/ConvertEmptyStringsToNull.php(31): Illuminate\\Foundation\\Http\\Middleware\\TransformsRequest->handle()
#35 /home/idx/PhpstormProjects/Festival_Sajat_Gyakorlas/Festival_Sajat_Gyakorlas/vendor/laravel/framework/src/Illuminate/Pipeline/Pipeline.php(180): Illuminate\\Foundation\\Http\\Middleware\\ConvertEmptyStringsToNull->handle()
#36 /home/idx/PhpstormProjects/Festival_Sajat_Gyakorlas/Festival_Sajat_Gyakorlas/vendor/laravel/framework/src/Illuminate/Foundation/Http/Middleware/TransformsRequest.php(21): Illuminate\\Pipeline\\Pipeline->Illuminate\\Pipeline\\{closure}()
#37 /home/idx/PhpstormProjects/Festival_Sajat_Gyakorlas/Festival_Sajat_Gyakorlas/vendor/laravel/framework/src/Illuminate/Foundation/Http/Middleware/TrimStrings.php(40): Illuminate\\Foundation\\Http\\Middleware\\TransformsRequest->handle()
#38 /home/idx/PhpstormProjects/Festival_Sajat_Gyakorlas/Festival_Sajat_Gyakorlas/vendor/laravel/framework/src/Illuminate/Pipeline/Pipeline.php(180): Illuminate\\Foundation\\Http\\Middleware\\TrimStrings->handle()
#39 /home/idx/PhpstormProjects/Festival_Sajat_Gyakorlas/Festival_Sajat_Gyakorlas/vendor/laravel/framework/src/Illuminate/Foundation/Http/Middleware/ValidatePostSize.php(27): Illuminate\\Pipeline\\Pipeline->Illuminate\\Pipeline\\{closure}()
#40 /home/idx/PhpstormProjects/Festival_Sajat_Gyakorlas/Festival_Sajat_Gyakorlas/vendor/laravel/framework/src/Illuminate/Pipeline/Pipeline.php(180): Illuminate\\Foundation\\Http\\Middleware\\ValidatePostSize->handle()
#41 /home/idx/PhpstormProjects/Festival_Sajat_Gyakorlas/Festival_Sajat_Gyakorlas/vendor/laravel/framework/src/Illuminate/Foundation/Http/Middleware/PreventRequestsDuringMaintenance.php(86): Illuminate\\Pipeline\\Pipeline->Illuminate\\Pipeline\\{closure}()
#42 /home/idx/PhpstormProjects/Festival_Sajat_Gyakorlas/Festival_Sajat_Gyakorlas/vendor/laravel/framework/src/Illuminate/Pipeline/Pipeline.php(180): Illuminate\\Foundation\\Http\\Middleware\\PreventRequestsDuringMaintenance->handle()
#43 /home/idx/PhpstormProjects/Festival_Sajat_Gyakorlas/Festival_Sajat_Gyakorlas/vendor/laravel/framework/src/Illuminate/Http/Middleware/HandleCors.php(49): Illuminate\\Pipeline\\Pipeline->Illuminate\\Pipeline\\{closure}()
#44 /home/idx/PhpstormProjects/Festival_Sajat_Gyakorlas/Festival_Sajat_Gyakorlas/vendor/laravel/framework/src/Illuminate/Pipeline/Pipeline.php(180): Illuminate\\Http\\Middleware\\HandleCors->handle()
#45 /home/idx/PhpstormProjects/Festival_Sajat_Gyakorlas/Festival_Sajat_Gyakorlas/vendor/laravel/framework/src/Illuminate/Http/Middleware/TrustProxies.php(39): Illuminate\\Pipeline\\Pipeline->Illuminate\\Pipeline\\{closure}()
#46 /home/idx/PhpstormProjects/Festival_Sajat_Gyakorlas/Festival_Sajat_Gyakorlas/vendor/laravel/framework/src/Illuminate/Pipeline/Pipeline.php(180): Illuminate\\Http\\Middleware\\TrustProxies->handle()
#47 /home/idx/PhpstormProjects/Festival_Sajat_Gyakorlas/Festival_Sajat_Gyakorlas/vendor/laravel/framework/src/Illuminate/Pipeline/Pipeline.php(116): Illuminate\\Pipeline\\Pipeline->Illuminate\\Pipeline\\{closure}()
#48 /home/idx/PhpstormProjects/Festival_Sajat_Gyakorlas/Festival_Sajat_Gyakorlas/vendor/laravel/framework/src/Illuminate/Foundation/Http/Kernel.php(142): Illuminate\\Pipeline\\Pipeline->then()
#49 /home/idx/PhpstormProjects/Festival_Sajat_Gyakorlas/Festival_Sajat_Gyakorlas/vendor/laravel/framework/src/Illuminate/Foundation/Http/Kernel.php(111): Illuminate\\Foundation\\Http\\Kernel->sendRequestThroughRouter()
#50 /home/idx/PhpstormProjects/Festival_Sajat_Gyakorlas/Festival_Sajat_Gyakorlas/public/index.php(52): Illuminate\\Foundation\\Http\\Kernel->handle()
#51 /home/idx/PhpstormProjects/Festival_Sajat_Gyakorlas/Festival_Sajat_Gyakorlas/vendor/laravel/framework/src/Illuminate/Foundation/resources/server.php(16): require_once('...')
#52 {main}

[previous exception] [object] (Error(code: 0): Call to undefined function typeOf() at /home/idx/PhpstormProjects/Festival_Sajat_Gyakorlas/Festival_Sajat_Gyakorlas/storage/framework/views/0cb23014cf1b1f15ede10ea44415087adfafff30.php:9)
[stacktrace]
#0 /home/idx/PhpstormProjects/Festival_Sajat_Gyakorlas/Festival_Sajat_Gyakorlas/vendor/laravel/framework/src/Illuminate/Filesystem/Filesystem.php(107): require()
#1 /home/idx/PhpstormProjects/Festival_Sajat_Gyakorlas/Festival_Sajat_Gyakorlas/vendor/laravel/framework/src/Illuminate/Filesystem/Filesystem.php(108): Illuminate\\Filesystem\\Filesystem::Illuminate\\Filesystem\\{closure}()
#2 /home/idx/PhpstormProjects/Festival_Sajat_Gyakorlas/Festival_Sajat_Gyakorlas/vendor/laravel/framework/src/Illuminate/View/Engines/PhpEngine.php(58): Illuminate\\Filesystem\\Filesystem->getRequire()
#3 /home/idx/PhpstormProjects/Festival_Sajat_Gyakorlas/Festival_Sajat_Gyakorlas/vendor/laravel/framework/src/Illuminate/View/Engines/CompilerEngine.php(61): Illuminate\\View\\Engines\\PhpEngine->evaluatePath()
#4 /home/idx/PhpstormProjects/Festival_Sajat_Gyakorlas/Festival_Sajat_Gyakorlas/vendor/laravel/framework/src/Illuminate/View/View.php(139): Illuminate\\View\\Engines\\CompilerEngine->get()
#5 /home/idx/PhpstormProjects/Festival_Sajat_Gyakorlas/Festival_Sajat_Gyakorlas/vendor/laravel/framework/src/Illuminate/View/View.php(122): Illuminate\\View\\View->getContents()
#6 /home/idx/PhpstormProjects/Festival_Sajat_Gyakorlas/Festival_Sajat_Gyakorlas/vendor/laravel/framework/src/Illuminate/View/View.php(91): Illuminate\\View\\View->renderContents()
#7 /home/idx/PhpstormProjects/Festival_Sajat_Gyakorlas/Festival_Sajat_Gyakorlas/vendor/laravel/framework/src/Illuminate/Http/Response.php(69): Illuminate\\View\\View->render()
#8 /home/idx/PhpstormProjects/Festival_Sajat_Gyakorlas/Festival_Sajat_Gyakorlas/vendor/laravel/framework/src/Illuminate/Http/Response.php(35): Illuminate\\Http\\Response->setContent()
#9 /home/idx/PhpstormProjects/Festival_Sajat_Gyakorlas/Festival_Sajat_Gyakorlas/vendor/laravel/framework/src/Illuminate/Routing/Router.php(833): Illuminate\\Http\\Response->__construct()
#10 /home/idx/PhpstormProjects/Festival_Sajat_Gyakorlas/Festival_Sajat_Gyakorlas/vendor/laravel/framework/src/Illuminate/Routing/Router.php(802): Illuminate\\Routing\\Router::toResponse()
#11 /home/idx/PhpstormProjects/Festival_Sajat_Gyakorlas/Festival_Sajat_Gyakorlas/vendor/laravel/framework/src/Illuminate/Routing/Router.php(725): Illuminate\\Routing\\Router->prepareResponse()
#12 /home/idx/PhpstormProjects/Festival_Sajat_Gyakorlas/Festival_Sajat_Gyakorlas/vendor/laravel/framework/src/Illuminate/Pipeline/Pipeline.php(141): Illuminate\\Routing\\Router->Illuminate\\Routing\\{closure}()
#13 /home/idx/PhpstormProjects/Festival_Sajat_Gyakorlas/Festival_Sajat_Gyakorlas/vendor/laravel/framework/src/Illuminate/Routing/Middleware/SubstituteBindings.php(50): Illuminate\\Pipeline\\Pipeline->Illuminate\\Pipeline\\{closure}()
#14 /home/idx/PhpstormProjects/Festival_Sajat_Gyakorlas/Festival_Sajat_Gyakorlas/vendor/laravel/framework/src/Illuminate/Pipeline/Pipeline.php(180): Illuminate\\Routing\\Middleware\\SubstituteBindings->handle()
#15 /home/idx/PhpstormProjects/Festival_Sajat_Gyakorlas/Festival_Sajat_Gyakorlas/vendor/laravel/framework/src/Illuminate/Foundation/Http/Middleware/VerifyCsrfToken.php(78): Illuminate\\Pipeline\\Pipeline->Illuminate\\Pipeline\\{closure}()
#16 /home/idx/PhpstormProjects/Festival_Sajat_Gyakorlas/Festival_Sajat_Gyakorlas/vendor/laravel/framework/src/Illuminate/Pipeline/Pipeline.php(180): Illuminate\\Foundation\\Http\\Middleware\\VerifyCsrfToken->handle()
#17 /home/idx/PhpstormProjects/Festival_Sajat_Gyakorlas/Festival_Sajat_Gyakorlas/vendor/laravel/framework/src/Illuminate/View/Middleware/ShareErrorsFromSession.php(49): Illuminate\\Pipeline\\Pipeline->Illuminate\\Pipeline\\{closure}()
#18 /home/idx/PhpstormProjects/Festival_Sajat_Gyakorlas/Festival_Sajat_Gyakorlas/vendor/laravel/framework/src/Illuminate/Pipeline/Pipeline.php(180): Illuminate\\View\\Middleware\\ShareErrorsFromSession->handle()
#19 /home/idx/PhpstormProjects/Festival_Sajat_Gyakorlas/Festival_Sajat_Gyakorlas/vendor/laravel/framework/src/Illuminate/Session/Middleware/StartSession.php(121): Illuminate\\Pipeline\\Pipeline->Illuminate\\Pipeline\\{closure}()
#20 /home/idx/PhpstormProjects/Festival_Sajat_Gyakorlas/Festival_Sajat_Gyakorlas/vendor/laravel/framework/src/Illuminate/Session/Middleware/StartSession.php(64): Illuminate\\Session\\Middleware\\StartSession->handleStatefulRequest()
#21 /home/idx/PhpstormProjects/Festival_Sajat_Gyakorlas/Festival_Sajat_Gyakorlas/vendor/laravel/framework/src/Illuminate/Pipeline/Pipeline.php(180): Illuminate\\Session\\Middleware\\StartSession->handle()
#22 /home/idx/PhpstormProjects/Festival_Sajat_Gyakorlas/Festival_Sajat_Gyakorlas/vendor/laravel/framework/src/Illuminate/Cookie/Middleware/AddQueuedCookiesToResponse.php(37): Illuminate\\Pipeline\\Pipeline->Illuminate\\Pipeline\\{closure}()
#23 /home/idx/PhpstormProjects/Festival_Sajat_Gyakorlas/Festival_Sajat_Gyakorlas/vendor/laravel/framework/src/Illuminate/Pipeline/Pipeline.php(180): Illuminate\\Cookie\\Middleware\\AddQueuedCookiesToResponse->handle()
#24 /home/idx/PhpstormProjects/Festival_Sajat_Gyakorlas/Festival_Sajat_Gyakorlas/vendor/laravel/framework/src/Illuminate/Cookie/Middleware/EncryptCookies.php(67): Illuminate\\Pipeline\\Pipeline->Illuminate\\Pipeline\\{closure}()
#25 /home/idx/PhpstormProjects/Festival_Sajat_Gyakorlas/Festival_Sajat_Gyakorlas/vendor/laravel/framework/src/Illuminate/Pipeline/Pipeline.php(180): Illuminate\\Cookie\\Middleware\\EncryptCookies->handle()
#26 /home/idx/PhpstormProjects/Festival_Sajat_Gyakorlas/Festival_Sajat_Gyakorlas/vendor/laravel/framework/src/Illuminate/Pipeline/Pipeline.php(116): Illuminate\\Pipeline\\Pipeline->Illuminate\\Pipeline\\{closure}()
#27 /home/idx/PhpstormProjects/Festival_Sajat_Gyakorlas/Festival_Sajat_Gyakorlas/vendor/laravel/framework/src/Illuminate/Routing/Router.php(726): Illuminate\\Pipeline\\Pipeline->then()
#28 /home/idx/PhpstormProjects/Festival_Sajat_Gyakorlas/Festival_Sajat_Gyakorlas/vendor/laravel/framework/src/Illuminate/Routing/Router.php(703): Illuminate\\Routing\\Router->runRouteWithinStack()
#29 /home/idx/PhpstormProjects/Festival_Sajat_Gyakorlas/Festival_Sajat_Gyakorlas/vendor/laravel/framework/src/Illuminate/Routing/Router.php(667): Illuminate\\Routing\\Router->runRoute()
#30 /home/idx/PhpstormProjects/Festival_Sajat_Gyakorlas/Festival_Sajat_Gyakorlas/vendor/laravel/framework/src/Illuminate/Routing/Router.php(656): Illuminate\\Routing\\Router->dispatchToRoute()
#31 /home/idx/PhpstormProjects/Festival_Sajat_Gyakorlas/Festival_Sajat_Gyakorlas/vendor/laravel/framework/src/Illuminate/Foundation/Http/Kernel.php(167): Illuminate\\Routing\\Router->dispatch()
#32 /home/idx/PhpstormProjects/Festival_Sajat_Gyakorlas/Festival_Sajat_Gyakorlas/vendor/laravel/framework/src/Illuminate/Pipeline/Pipeline.php(141): Illuminate\\Foundation\\Http\\Kernel->Illuminate\\Foundation\\Http\\{closure}()
#33 /home/idx/PhpstormProjects/Festival_Sajat_Gyakorlas/Festival_Sajat_Gyakorlas/vendor/laravel/framework/src/Illuminate/Foundation/Http/Middleware/TransformsRequest.php(21): Illuminate\\Pipeline\\Pipeline->Illuminate\\Pipeline\\{closure}()
#34 /home/idx/PhpstormProjects/Festival_Sajat_Gyakorlas/Festival_Sajat_Gyakorlas/vendor/laravel/framework/src/Illuminate/Foundation/Http/Middleware/ConvertEmptyStringsToNull.php(31): Illuminate\\Foundation\\Http\\Middleware\\TransformsRequest->handle()
#35 /home/idx/PhpstormProjects/Festival_Sajat_Gyakorlas/Festival_Sajat_Gyakorlas/vendor/laravel/framework/src/Illuminate/Pipeline/Pipeline.php(180): Illuminate\\Foundation\\Http\\Middleware\\ConvertEmptyStringsToNull->handle()
#36 /home/idx/PhpstormProjects/Festival_Sajat_Gyakorlas/Festival_Sajat_Gyakorlas/vendor/laravel/framework/src/Illuminate/Foundation/Http/Middleware/TransformsRequest.php(21): Illuminate\\Pipeline\\Pipeline->Illuminate\\Pipeline\\{closure}()
#37 /home/idx/PhpstormProjects/Festival_Sajat_Gyakorlas/Festival_Sajat_Gyakorlas/vendor/laravel/framework/src/Illuminate/Foundation/Http/Middleware/TrimStrings.php(40): Illuminate\\Foundation\\Http\\Middleware\\TransformsRequest->handle()
#38 /home/idx/PhpstormProjects/Festival_Sajat_Gyakorlas/Festival_Sajat_Gyakorlas/vendor/laravel/framework/src/Illuminate/Pipeline/Pipeline.php(180): Illuminate\\Foundation\\Http\\Middleware\\TrimStrings->handle()
#39 /home/idx/PhpstormProjects/Festival_Sajat_Gyakorlas/Festival_Sajat_Gyakorlas/vendor/laravel/framework/src/Illuminate/Foundation/Http/Middleware/ValidatePostSize.php(27): Illuminate\\Pipeline\\Pipeline->Illuminate\\Pipeline\\{closure}()
#40 /home/idx/PhpstormProjects/Festival_Sajat_Gyakorlas/Festival_Sajat_Gyakorlas/vendor/laravel/framework/src/Illuminate/Pipeline/Pipeline.php(180): Illuminate\\Foundation\\Http\\Middleware\\ValidatePostSize->handle()
#41 /home/idx/PhpstormProjects/Festival_Sajat_Gyakorlas/Festival_Sajat_Gyakorlas/vendor/laravel/framework/src/Illuminate/Foundation/Http/Middleware/PreventRequestsDuringMaintenance.php(86): Illuminate\\Pipeline\\Pipeline->Illuminate\\Pipeline\\{closure}()
#42 /home/idx/PhpstormProjects/Festival_Sajat_Gyakorlas/Festival_Sajat_Gyakorlas/vendor/laravel/framework/src/Illuminate/Pipeline/Pipeline.php(180): Illuminate\\Foundation\\Http\\Middleware\\PreventRequestsDuringMaintenance->handle()
#43 /home/idx/PhpstormProjects/Festival_Sajat_Gyakorlas/Festival_Sajat_Gyakorlas/vendor/laravel/framework/src/Illuminate/Http/Middleware/HandleCors.php(49): Illuminate\\Pipeline\\Pipeline->Illuminate\\Pipeline\\{closure}()
#44 /home/idx/PhpstormProjects/Festival_Sajat_Gyakorlas/Festival_Sajat_Gyakorlas/vendor/laravel/framework/src/Illuminate/Pipeline/Pipeline.php(180): Illuminate\\Http\\Middleware\\HandleCors->handle()
#45 /home/idx/PhpstormProjects/Festival_Sajat_Gyakorlas/Festival_Sajat_Gyakorlas/vendor/laravel/framework/src/Illuminate/Http/Middleware/TrustProxies.php(39): Illuminate\\Pipeline\\Pipeline->Illuminate\\Pipeline\\{closure}()
#46 /home/idx/PhpstormProjects/Festival_Sajat_Gyakorlas/Festival_Sajat_Gyakorlas/vendor/laravel/framework/src/Illuminate/Pipeline/Pipeline.php(180): Illuminate\\Http\\Middleware\\TrustProxies->handle()
#47 /home/idx/PhpstormProjects/Festival_Sajat_Gyakorlas/Festival_Sajat_Gyakorlas/vendor/laravel/framework/src/Illuminate/Pipeline/Pipeline.php(116): Illuminate\\Pipeline\\Pipeline->Illuminate\\Pipeline\\{closure}()
#48 /home/idx/PhpstormProjects/Festival_Sajat_Gyakorlas/Festival_Sajat_Gyakorlas/vendor/laravel/framework/src/Illuminate/Foundation/Http/Kernel.php(142): Illuminate\\Pipeline\\Pipeline->then()
#49 /home/idx/PhpstormProjects/Festival_Sajat_Gyakorlas/Festival_Sajat_Gyakorlas/vendor/laravel/framework/src/Illuminate/Foundation/Http/Kernel.php(111): Illuminate\\Foundation\\Http\\Kernel->sendRequestThroughRouter()
#50 /home/idx/PhpstormProjects/Festival_Sajat_Gyakorlas/Festival_Sajat_Gyakorlas/public/index.php(52): Illuminate\\Foundation\\Http\\Kernel->handle()
#51 /home/idx/PhpstormProjects/Festival_Sajat_Gyakorlas/Festival_Sajat_Gyakorlas/vendor/laravel/framework/src/Illuminate/Foundation/resources/server.php(16): require_once('...')
#52 {main}
"} 
[2022-08-17 16:36:39] local.ERROR: Call to undefined function type() {"view":{"view":"/home/idx/PhpstormProjects/Festival_Sajat_Gyakorlas/Festival_Sajat_Gyakorlas/resources/views/festivals.blade.php","data":[]},"exception":"[object] (Spatie\\LaravelIgnition\\Exceptions\\ViewException(code: 0): Call to undefined function type() at /home/idx/PhpstormProjects/Festival_Sajat_Gyakorlas/Festival_Sajat_Gyakorlas/resources/views/festivals.blade.php:11)
[stacktrace]
#0 /home/idx/PhpstormProjects/Festival_Sajat_Gyakorlas/Festival_Sajat_Gyakorlas/vendor/laravel/framework/src/Illuminate/Filesystem/Filesystem.php(107): require()
#1 /home/idx/PhpstormProjects/Festival_Sajat_Gyakorlas/Festival_Sajat_Gyakorlas/vendor/laravel/framework/src/Illuminate/Filesystem/Filesystem.php(108): Illuminate\\Filesystem\\Filesystem::Illuminate\\Filesystem\\{closure}()
#2 /home/idx/PhpstormProjects/Festival_Sajat_Gyakorlas/Festival_Sajat_Gyakorlas/vendor/laravel/framework/src/Illuminate/View/Engines/PhpEngine.php(58): Illuminate\\Filesystem\\Filesystem->getRequire()
#3 /home/idx/PhpstormProjects/Festival_Sajat_Gyakorlas/Festival_Sajat_Gyakorlas/vendor/laravel/framework/src/Illuminate/View/Engines/CompilerEngine.php(61): Illuminate\\View\\Engines\\PhpEngine->evaluatePath()
#4 /home/idx/PhpstormProjects/Festival_Sajat_Gyakorlas/Festival_Sajat_Gyakorlas/vendor/laravel/framework/src/Illuminate/View/View.php(139): Illuminate\\View\\Engines\\CompilerEngine->get()
#5 /home/idx/PhpstormProjects/Festival_Sajat_Gyakorlas/Festival_Sajat_Gyakorlas/vendor/laravel/framework/src/Illuminate/View/View.php(122): Illuminate\\View\\View->getContents()
#6 /home/idx/PhpstormProjects/Festival_Sajat_Gyakorlas/Festival_Sajat_Gyakorlas/vendor/laravel/framework/src/Illuminate/View/View.php(91): Illuminate\\View\\View->renderContents()
#7 /home/idx/PhpstormProjects/Festival_Sajat_Gyakorlas/Festival_Sajat_Gyakorlas/vendor/laravel/framework/src/Illuminate/Http/Response.php(69): Illuminate\\View\\View->render()
#8 /home/idx/PhpstormProjects/Festival_Sajat_Gyakorlas/Festival_Sajat_Gyakorlas/vendor/laravel/framework/src/Illuminate/Http/Response.php(35): Illuminate\\Http\\Response->setContent()
#9 /home/idx/PhpstormProjects/Festival_Sajat_Gyakorlas/Festival_Sajat_Gyakorlas/vendor/laravel/framework/src/Illuminate/Routing/Router.php(833): Illuminate\\Http\\Response->__construct()
#10 /home/idx/PhpstormProjects/Festival_Sajat_Gyakorlas/Festival_Sajat_Gyakorlas/vendor/laravel/framework/src/Illuminate/Routing/Router.php(802): Illuminate\\Routing\\Router::toResponse()
#11 /home/idx/PhpstormProjects/Festival_Sajat_Gyakorlas/Festival_Sajat_Gyakorlas/vendor/laravel/framework/src/Illuminate/Routing/Router.php(725): Illuminate\\Routing\\Router->prepareResponse()
#12 /home/idx/PhpstormProjects/Festival_Sajat_Gyakorlas/Festival_Sajat_Gyakorlas/vendor/laravel/framework/src/Illuminate/Pipeline/Pipeline.php(141): Illuminate\\Routing\\Router->Illuminate\\Routing\\{closure}()
#13 /home/idx/PhpstormProjects/Festival_Sajat_Gyakorlas/Festival_Sajat_Gyakorlas/vendor/laravel/framework/src/Illuminate/Routing/Middleware/SubstituteBindings.php(50): Illuminate\\Pipeline\\Pipeline->Illuminate\\Pipeline\\{closure}()
#14 /home/idx/PhpstormProjects/Festival_Sajat_Gyakorlas/Festival_Sajat_Gyakorlas/vendor/laravel/framework/src/Illuminate/Pipeline/Pipeline.php(180): Illuminate\\Routing\\Middleware\\SubstituteBindings->handle()
#15 /home/idx/PhpstormProjects/Festival_Sajat_Gyakorlas/Festival_Sajat_Gyakorlas/vendor/laravel/framework/src/Illuminate/Foundation/Http/Middleware/VerifyCsrfToken.php(78): Illuminate\\Pipeline\\Pipeline->Illuminate\\Pipeline\\{closure}()
#16 /home/idx/PhpstormProjects/Festival_Sajat_Gyakorlas/Festival_Sajat_Gyakorlas/vendor/laravel/framework/src/Illuminate/Pipeline/Pipeline.php(180): Illuminate\\Foundation\\Http\\Middleware\\VerifyCsrfToken->handle()
#17 /home/idx/PhpstormProjects/Festival_Sajat_Gyakorlas/Festival_Sajat_Gyakorlas/vendor/laravel/framework/src/Illuminate/View/Middleware/ShareErrorsFromSession.php(49): Illuminate\\Pipeline\\Pipeline->Illuminate\\Pipeline\\{closure}()
#18 /home/idx/PhpstormProjects/Festival_Sajat_Gyakorlas/Festival_Sajat_Gyakorlas/vendor/laravel/framework/src/Illuminate/Pipeline/Pipeline.php(180): Illuminate\\View\\Middleware\\ShareErrorsFromSession->handle()
#19 /home/idx/PhpstormProjects/Festival_Sajat_Gyakorlas/Festival_Sajat_Gyakorlas/vendor/laravel/framework/src/Illuminate/Session/Middleware/StartSession.php(121): Illuminate\\Pipeline\\Pipeline->Illuminate\\Pipeline\\{closure}()
#20 /home/idx/PhpstormProjects/Festival_Sajat_Gyakorlas/Festival_Sajat_Gyakorlas/vendor/laravel/framework/src/Illuminate/Session/Middleware/StartSession.php(64): Illuminate\\Session\\Middleware\\StartSession->handleStatefulRequest()
#21 /home/idx/PhpstormProjects/Festival_Sajat_Gyakorlas/Festival_Sajat_Gyakorlas/vendor/laravel/framework/src/Illuminate/Pipeline/Pipeline.php(180): Illuminate\\Session\\Middleware\\StartSession->handle()
#22 /home/idx/PhpstormProjects/Festival_Sajat_Gyakorlas/Festival_Sajat_Gyakorlas/vendor/laravel/framework/src/Illuminate/Cookie/Middleware/AddQueuedCookiesToResponse.php(37): Illuminate\\Pipeline\\Pipeline->Illuminate\\Pipeline\\{closure}()
#23 /home/idx/PhpstormProjects/Festival_Sajat_Gyakorlas/Festival_Sajat_Gyakorlas/vendor/laravel/framework/src/Illuminate/Pipeline/Pipeline.php(180): Illuminate\\Cookie\\Middleware\\AddQueuedCookiesToResponse->handle()
#24 /home/idx/PhpstormProjects/Festival_Sajat_Gyakorlas/Festival_Sajat_Gyakorlas/vendor/laravel/framework/src/Illuminate/Cookie/Middleware/EncryptCookies.php(67): Illuminate\\Pipeline\\Pipeline->Illuminate\\Pipeline\\{closure}()
#25 /home/idx/PhpstormProjects/Festival_Sajat_Gyakorlas/Festival_Sajat_Gyakorlas/vendor/laravel/framework/src/Illuminate/Pipeline/Pipeline.php(180): Illuminate\\Cookie\\Middleware\\EncryptCookies->handle()
#26 /home/idx/PhpstormProjects/Festival_Sajat_Gyakorlas/Festival_Sajat_Gyakorlas/vendor/laravel/framework/src/Illuminate/Pipeline/Pipeline.php(116): Illuminate\\Pipeline\\Pipeline->Illuminate\\Pipeline\\{closure}()
#27 /home/idx/PhpstormProjects/Festival_Sajat_Gyakorlas/Festival_Sajat_Gyakorlas/vendor/laravel/framework/src/Illuminate/Routing/Router.php(726): Illuminate\\Pipeline\\Pipeline->then()
#28 /home/idx/PhpstormProjects/Festival_Sajat_Gyakorlas/Festival_Sajat_Gyakorlas/vendor/laravel/framework/src/Illuminate/Routing/Router.php(703): Illuminate\\Routing\\Router->runRouteWithinStack()
#29 /home/idx/PhpstormProjects/Festival_Sajat_Gyakorlas/Festival_Sajat_Gyakorlas/vendor/laravel/framework/src/Illuminate/Routing/Router.php(667): Illuminate\\Routing\\Router->runRoute()
#30 /home/idx/PhpstormProjects/Festival_Sajat_Gyakorlas/Festival_Sajat_Gyakorlas/vendor/laravel/framework/src/Illuminate/Routing/Router.php(656): Illuminate\\Routing\\Router->dispatchToRoute()
#31 /home/idx/PhpstormProjects/Festival_Sajat_Gyakorlas/Festival_Sajat_Gyakorlas/vendor/laravel/framework/src/Illuminate/Foundation/Http/Kernel.php(167): Illuminate\\Routing\\Router->dispatch()
#32 /home/idx/PhpstormProjects/Festival_Sajat_Gyakorlas/Festival_Sajat_Gyakorlas/vendor/laravel/framework/src/Illuminate/Pipeline/Pipeline.php(141): Illuminate\\Foundation\\Http\\Kernel->Illuminate\\Foundation\\Http\\{closure}()
#33 /home/idx/PhpstormProjects/Festival_Sajat_Gyakorlas/Festival_Sajat_Gyakorlas/vendor/laravel/framework/src/Illuminate/Foundation/Http/Middleware/TransformsRequest.php(21): Illuminate\\Pipeline\\Pipeline->Illuminate\\Pipeline\\{closure}()
#34 /home/idx/PhpstormProjects/Festival_Sajat_Gyakorlas/Festival_Sajat_Gyakorlas/vendor/laravel/framework/src/Illuminate/Foundation/Http/Middleware/ConvertEmptyStringsToNull.php(31): Illuminate\\Foundation\\Http\\Middleware\\TransformsRequest->handle()
#35 /home/idx/PhpstormProjects/Festival_Sajat_Gyakorlas/Festival_Sajat_Gyakorlas/vendor/laravel/framework/src/Illuminate/Pipeline/Pipeline.php(180): Illuminate\\Foundation\\Http\\Middleware\\ConvertEmptyStringsToNull->handle()
#36 /home/idx/PhpstormProjects/Festival_Sajat_Gyakorlas/Festival_Sajat_Gyakorlas/vendor/laravel/framework/src/Illuminate/Foundation/Http/Middleware/TransformsRequest.php(21): Illuminate\\Pipeline\\Pipeline->Illuminate\\Pipeline\\{closure}()
#37 /home/idx/PhpstormProjects/Festival_Sajat_Gyakorlas/Festival_Sajat_Gyakorlas/vendor/laravel/framework/src/Illuminate/Foundation/Http/Middleware/TrimStrings.php(40): Illuminate\\Foundation\\Http\\Middleware\\TransformsRequest->handle()
#38 /home/idx/PhpstormProjects/Festival_Sajat_Gyakorlas/Festival_Sajat_Gyakorlas/vendor/laravel/framework/src/Illuminate/Pipeline/Pipeline.php(180): Illuminate\\Foundation\\Http\\Middleware\\TrimStrings->handle()
#39 /home/idx/PhpstormProjects/Festival_Sajat_Gyakorlas/Festival_Sajat_Gyakorlas/vendor/laravel/framework/src/Illuminate/Foundation/Http/Middleware/ValidatePostSize.php(27): Illuminate\\Pipeline\\Pipeline->Illuminate\\Pipeline\\{closure}()
#40 /home/idx/PhpstormProjects/Festival_Sajat_Gyakorlas/Festival_Sajat_Gyakorlas/vendor/laravel/framework/src/Illuminate/Pipeline/Pipeline.php(180): Illuminate\\Foundation\\Http\\Middleware\\ValidatePostSize->handle()
#41 /home/idx/PhpstormProjects/Festival_Sajat_Gyakorlas/Festival_Sajat_Gyakorlas/vendor/laravel/framework/src/Illuminate/Foundation/Http/Middleware/PreventRequestsDuringMaintenance.php(86): Illuminate\\Pipeline\\Pipeline->Illuminate\\Pipeline\\{closure}()
#42 /home/idx/PhpstormProjects/Festival_Sajat_Gyakorlas/Festival_Sajat_Gyakorlas/vendor/laravel/framework/src/Illuminate/Pipeline/Pipeline.php(180): Illuminate\\Foundation\\Http\\Middleware\\PreventRequestsDuringMaintenance->handle()
#43 /home/idx/PhpstormProjects/Festival_Sajat_Gyakorlas/Festival_Sajat_Gyakorlas/vendor/laravel/framework/src/Illuminate/Http/Middleware/HandleCors.php(49): Illuminate\\Pipeline\\Pipeline->Illuminate\\Pipeline\\{closure}()
#44 /home/idx/PhpstormProjects/Festival_Sajat_Gyakorlas/Festival_Sajat_Gyakorlas/vendor/laravel/framework/src/Illuminate/Pipeline/Pipeline.php(180): Illuminate\\Http\\Middleware\\HandleCors->handle()
#45 /home/idx/PhpstormProjects/Festival_Sajat_Gyakorlas/Festival_Sajat_Gyakorlas/vendor/laravel/framework/src/Illuminate/Http/Middleware/TrustProxies.php(39): Illuminate\\Pipeline\\Pipeline->Illuminate\\Pipeline\\{closure}()
#46 /home/idx/PhpstormProjects/Festival_Sajat_Gyakorlas/Festival_Sajat_Gyakorlas/vendor/laravel/framework/src/Illuminate/Pipeline/Pipeline.php(180): Illuminate\\Http\\Middleware\\TrustProxies->handle()
#47 /home/idx/PhpstormProjects/Festival_Sajat_Gyakorlas/Festival_Sajat_Gyakorlas/vendor/laravel/framework/src/Illuminate/Pipeline/Pipeline.php(116): Illuminate\\Pipeline\\Pipeline->Illuminate\\Pipeline\\{closure}()
#48 /home/idx/PhpstormProjects/Festival_Sajat_Gyakorlas/Festival_Sajat_Gyakorlas/vendor/laravel/framework/src/Illuminate/Foundation/Http/Kernel.php(142): Illuminate\\Pipeline\\Pipeline->then()
#49 /home/idx/PhpstormProjects/Festival_Sajat_Gyakorlas/Festival_Sajat_Gyakorlas/vendor/laravel/framework/src/Illuminate/Foundation/Http/Kernel.php(111): Illuminate\\Foundation\\Http\\Kernel->sendRequestThroughRouter()
#50 /home/idx/PhpstormProjects/Festival_Sajat_Gyakorlas/Festival_Sajat_Gyakorlas/public/index.php(52): Illuminate\\Foundation\\Http\\Kernel->handle()
#51 /home/idx/PhpstormProjects/Festival_Sajat_Gyakorlas/Festival_Sajat_Gyakorlas/vendor/laravel/framework/src/Illuminate/Foundation/resources/server.php(16): require_once('...')
#52 {main}

[previous exception] [object] (Error(code: 0): Call to undefined function type() at /home/idx/PhpstormProjects/Festival_Sajat_Gyakorlas/Festival_Sajat_Gyakorlas/storage/framework/views/0cb23014cf1b1f15ede10ea44415087adfafff30.php:9)
[stacktrace]
#0 /home/idx/PhpstormProjects/Festival_Sajat_Gyakorlas/Festival_Sajat_Gyakorlas/vendor/laravel/framework/src/Illuminate/Filesystem/Filesystem.php(107): require()
#1 /home/idx/PhpstormProjects/Festival_Sajat_Gyakorlas/Festival_Sajat_Gyakorlas/vendor/laravel/framework/src/Illuminate/Filesystem/Filesystem.php(108): Illuminate\\Filesystem\\Filesystem::Illuminate\\Filesystem\\{closure}()
#2 /home/idx/PhpstormProjects/Festival_Sajat_Gyakorlas/Festival_Sajat_Gyakorlas/vendor/laravel/framework/src/Illuminate/View/Engines/PhpEngine.php(58): Illuminate\\Filesystem\\Filesystem->getRequire()
#3 /home/idx/PhpstormProjects/Festival_Sajat_Gyakorlas/Festival_Sajat_Gyakorlas/vendor/laravel/framework/src/Illuminate/View/Engines/CompilerEngine.php(61): Illuminate\\View\\Engines\\PhpEngine->evaluatePath()
#4 /home/idx/PhpstormProjects/Festival_Sajat_Gyakorlas/Festival_Sajat_Gyakorlas/vendor/laravel/framework/src/Illuminate/View/View.php(139): Illuminate\\View\\Engines\\CompilerEngine->get()
#5 /home/idx/PhpstormProjects/Festival_Sajat_Gyakorlas/Festival_Sajat_Gyakorlas/vendor/laravel/framework/src/Illuminate/View/View.php(122): Illuminate\\View\\View->getContents()
#6 /home/idx/PhpstormProjects/Festival_Sajat_Gyakorlas/Festival_Sajat_Gyakorlas/vendor/laravel/framework/src/Illuminate/View/View.php(91): Illuminate\\View\\View->renderContents()
#7 /home/idx/PhpstormProjects/Festival_Sajat_Gyakorlas/Festival_Sajat_Gyakorlas/vendor/laravel/framework/src/Illuminate/Http/Response.php(69): Illuminate\\View\\View->render()
#8 /home/idx/PhpstormProjects/Festival_Sajat_Gyakorlas/Festival_Sajat_Gyakorlas/vendor/laravel/framework/src/Illuminate/Http/Response.php(35): Illuminate\\Http\\Response->setContent()
#9 /home/idx/PhpstormProjects/Festival_Sajat_Gyakorlas/Festival_Sajat_Gyakorlas/vendor/laravel/framework/src/Illuminate/Routing/Router.php(833): Illuminate\\Http\\Response->__construct()
#10 /home/idx/PhpstormProjects/Festival_Sajat_Gyakorlas/Festival_Sajat_Gyakorlas/vendor/laravel/framework/src/Illuminate/Routing/Router.php(802): Illuminate\\Routing\\Router::toResponse()
#11 /home/idx/PhpstormProjects/Festival_Sajat_Gyakorlas/Festival_Sajat_Gyakorlas/vendor/laravel/framework/src/Illuminate/Routing/Router.php(725): Illuminate\\Routing\\Router->prepareResponse()
#12 /home/idx/PhpstormProjects/Festival_Sajat_Gyakorlas/Festival_Sajat_Gyakorlas/vendor/laravel/framework/src/Illuminate/Pipeline/Pipeline.php(141): Illuminate\\Routing\\Router->Illuminate\\Routing\\{closure}()
#13 /home/idx/PhpstormProjects/Festival_Sajat_Gyakorlas/Festival_Sajat_Gyakorlas/vendor/laravel/framework/src/Illuminate/Routing/Middleware/SubstituteBindings.php(50): Illuminate\\Pipeline\\Pipeline->Illuminate\\Pipeline\\{closure}()
#14 /home/idx/PhpstormProjects/Festival_Sajat_Gyakorlas/Festival_Sajat_Gyakorlas/vendor/laravel/framework/src/Illuminate/Pipeline/Pipeline.php(180): Illuminate\\Routing\\Middleware\\SubstituteBindings->handle()
#15 /home/idx/PhpstormProjects/Festival_Sajat_Gyakorlas/Festival_Sajat_Gyakorlas/vendor/laravel/framework/src/Illuminate/Foundation/Http/Middleware/VerifyCsrfToken.php(78): Illuminate\\Pipeline\\Pipeline->Illuminate\\Pipeline\\{closure}()
#16 /home/idx/PhpstormProjects/Festival_Sajat_Gyakorlas/Festival_Sajat_Gyakorlas/vendor/laravel/framework/src/Illuminate/Pipeline/Pipeline.php(180): Illuminate\\Foundation\\Http\\Middleware\\VerifyCsrfToken->handle()
#17 /home/idx/PhpstormProjects/Festival_Sajat_Gyakorlas/Festival_Sajat_Gyakorlas/vendor/laravel/framework/src/Illuminate/View/Middleware/ShareErrorsFromSession.php(49): Illuminate\\Pipeline\\Pipeline->Illuminate\\Pipeline\\{closure}()
#18 /home/idx/PhpstormProjects/Festival_Sajat_Gyakorlas/Festival_Sajat_Gyakorlas/vendor/laravel/framework/src/Illuminate/Pipeline/Pipeline.php(180): Illuminate\\View\\Middleware\\ShareErrorsFromSession->handle()
#19 /home/idx/PhpstormProjects/Festival_Sajat_Gyakorlas/Festival_Sajat_Gyakorlas/vendor/laravel/framework/src/Illuminate/Session/Middleware/StartSession.php(121): Illuminate\\Pipeline\\Pipeline->Illuminate\\Pipeline\\{closure}()
#20 /home/idx/PhpstormProjects/Festival_Sajat_Gyakorlas/Festival_Sajat_Gyakorlas/vendor/laravel/framework/src/Illuminate/Session/Middleware/StartSession.php(64): Illuminate\\Session\\Middleware\\StartSession->handleStatefulRequest()
#21 /home/idx/PhpstormProjects/Festival_Sajat_Gyakorlas/Festival_Sajat_Gyakorlas/vendor/laravel/framework/src/Illuminate/Pipeline/Pipeline.php(180): Illuminate\\Session\\Middleware\\StartSession->handle()
#22 /home/idx/PhpstormProjects/Festival_Sajat_Gyakorlas/Festival_Sajat_Gyakorlas/vendor/laravel/framework/src/Illuminate/Cookie/Middleware/AddQueuedCookiesToResponse.php(37): Illuminate\\Pipeline\\Pipeline->Illuminate\\Pipeline\\{closure}()
#23 /home/idx/PhpstormProjects/Festival_Sajat_Gyakorlas/Festival_Sajat_Gyakorlas/vendor/laravel/framework/src/Illuminate/Pipeline/Pipeline.php(180): Illuminate\\Cookie\\Middleware\\AddQueuedCookiesToResponse->handle()
#24 /home/idx/PhpstormProjects/Festival_Sajat_Gyakorlas/Festival_Sajat_Gyakorlas/vendor/laravel/framework/src/Illuminate/Cookie/Middleware/EncryptCookies.php(67): Illuminate\\Pipeline\\Pipeline->Illuminate\\Pipeline\\{closure}()
#25 /home/idx/PhpstormProjects/Festival_Sajat_Gyakorlas/Festival_Sajat_Gyakorlas/vendor/laravel/framework/src/Illuminate/Pipeline/Pipeline.php(180): Illuminate\\Cookie\\Middleware\\EncryptCookies->handle()
#26 /home/idx/PhpstormProjects/Festival_Sajat_Gyakorlas/Festival_Sajat_Gyakorlas/vendor/laravel/framework/src/Illuminate/Pipeline/Pipeline.php(116): Illuminate\\Pipeline\\Pipeline->Illuminate\\Pipeline\\{closure}()
#27 /home/idx/PhpstormProjects/Festival_Sajat_Gyakorlas/Festival_Sajat_Gyakorlas/vendor/laravel/framework/src/Illuminate/Routing/Router.php(726): Illuminate\\Pipeline\\Pipeline->then()
#28 /home/idx/PhpstormProjects/Festival_Sajat_Gyakorlas/Festival_Sajat_Gyakorlas/vendor/laravel/framework/src/Illuminate/Routing/Router.php(703): Illuminate\\Routing\\Router->runRouteWithinStack()
#29 /home/idx/PhpstormProjects/Festival_Sajat_Gyakorlas/Festival_Sajat_Gyakorlas/vendor/laravel/framework/src/Illuminate/Routing/Router.php(667): Illuminate\\Routing\\Router->runRoute()
#30 /home/idx/PhpstormProjects/Festival_Sajat_Gyakorlas/Festival_Sajat_Gyakorlas/vendor/laravel/framework/src/Illuminate/Routing/Router.php(656): Illuminate\\Routing\\Router->dispatchToRoute()
#31 /home/idx/PhpstormProjects/Festival_Sajat_Gyakorlas/Festival_Sajat_Gyakorlas/vendor/laravel/framework/src/Illuminate/Foundation/Http/Kernel.php(167): Illuminate\\Routing\\Router->dispatch()
#32 /home/idx/PhpstormProjects/Festival_Sajat_Gyakorlas/Festival_Sajat_Gyakorlas/vendor/laravel/framework/src/Illuminate/Pipeline/Pipeline.php(141): Illuminate\\Foundation\\Http\\Kernel->Illuminate\\Foundation\\Http\\{closure}()
#33 /home/idx/PhpstormProjects/Festival_Sajat_Gyakorlas/Festival_Sajat_Gyakorlas/vendor/laravel/framework/src/Illuminate/Foundation/Http/Middleware/TransformsRequest.php(21): Illuminate\\Pipeline\\Pipeline->Illuminate\\Pipeline\\{closure}()
#34 /home/idx/PhpstormProjects/Festival_Sajat_Gyakorlas/Festival_Sajat_Gyakorlas/vendor/laravel/framework/src/Illuminate/Foundation/Http/Middleware/ConvertEmptyStringsToNull.php(31): Illuminate\\Foundation\\Http\\Middleware\\TransformsRequest->handle()
#35 /home/idx/PhpstormProjects/Festival_Sajat_Gyakorlas/Festival_Sajat_Gyakorlas/vendor/laravel/framework/src/Illuminate/Pipeline/Pipeline.php(180): Illuminate\\Foundation\\Http\\Middleware\\ConvertEmptyStringsToNull->handle()
#36 /home/idx/PhpstormProjects/Festival_Sajat_Gyakorlas/Festival_Sajat_Gyakorlas/vendor/laravel/framework/src/Illuminate/Foundation/Http/Middleware/TransformsRequest.php(21): Illuminate\\Pipeline\\Pipeline->Illuminate\\Pipeline\\{closure}()
#37 /home/idx/PhpstormProjects/Festival_Sajat_Gyakorlas/Festival_Sajat_Gyakorlas/vendor/laravel/framework/src/Illuminate/Foundation/Http/Middleware/TrimStrings.php(40): Illuminate\\Foundation\\Http\\Middleware\\TransformsRequest->handle()
#38 /home/idx/PhpstormProjects/Festival_Sajat_Gyakorlas/Festival_Sajat_Gyakorlas/vendor/laravel/framework/src/Illuminate/Pipeline/Pipeline.php(180): Illuminate\\Foundation\\Http\\Middleware\\TrimStrings->handle()
#39 /home/idx/PhpstormProjects/Festival_Sajat_Gyakorlas/Festival_Sajat_Gyakorlas/vendor/laravel/framework/src/Illuminate/Foundation/Http/Middleware/ValidatePostSize.php(27): Illuminate\\Pipeline\\Pipeline->Illuminate\\Pipeline\\{closure}()
#40 /home/idx/PhpstormProjects/Festival_Sajat_Gyakorlas/Festival_Sajat_Gyakorlas/vendor/laravel/framework/src/Illuminate/Pipeline/Pipeline.php(180): Illuminate\\Foundation\\Http\\Middleware\\ValidatePostSize->handle()
#41 /home/idx/PhpstormProjects/Festival_Sajat_Gyakorlas/Festival_Sajat_Gyakorlas/vendor/laravel/framework/src/Illuminate/Foundation/Http/Middleware/PreventRequestsDuringMaintenance.php(86): Illuminate\\Pipeline\\Pipeline->Illuminate\\Pipeline\\{closure}()
#42 /home/idx/PhpstormProjects/Festival_Sajat_Gyakorlas/Festival_Sajat_Gyakorlas/vendor/laravel/framework/src/Illuminate/Pipeline/Pipeline.php(180): Illuminate\\Foundation\\Http\\Middleware\\PreventRequestsDuringMaintenance->handle()
#43 /home/idx/PhpstormProjects/Festival_Sajat_Gyakorlas/Festival_Sajat_Gyakorlas/vendor/laravel/framework/src/Illuminate/Http/Middleware/HandleCors.php(49): Illuminate\\Pipeline\\Pipeline->Illuminate\\Pipeline\\{closure}()
#44 /home/idx/PhpstormProjects/Festival_Sajat_Gyakorlas/Festival_Sajat_Gyakorlas/vendor/laravel/framework/src/Illuminate/Pipeline/Pipeline.php(180): Illuminate\\Http\\Middleware\\HandleCors->handle()
#45 /home/idx/PhpstormProjects/Festival_Sajat_Gyakorlas/Festival_Sajat_Gyakorlas/vendor/laravel/framework/src/Illuminate/Http/Middleware/TrustProxies.php(39): Illuminate\\Pipeline\\Pipeline->Illuminate\\Pipeline\\{closure}()
#46 /home/idx/PhpstormProjects/Festival_Sajat_Gyakorlas/Festival_Sajat_Gyakorlas/vendor/laravel/framework/src/Illuminate/Pipeline/Pipeline.php(180): Illuminate\\Http\\Middleware\\TrustProxies->handle()
#47 /home/idx/PhpstormProjects/Festival_Sajat_Gyakorlas/Festival_Sajat_Gyakorlas/vendor/laravel/framework/src/Illuminate/Pipeline/Pipeline.php(116): Illuminate\\Pipeline\\Pipeline->Illuminate\\Pipeline\\{closure}()
#48 /home/idx/PhpstormProjects/Festival_Sajat_Gyakorlas/Festival_Sajat_Gyakorlas/vendor/laravel/framework/src/Illuminate/Foundation/Http/Kernel.php(142): Illuminate\\Pipeline\\Pipeline->then()
#49 /home/idx/PhpstormProjects/Festival_Sajat_Gyakorlas/Festival_Sajat_Gyakorlas/vendor/laravel/framework/src/Illuminate/Foundation/Http/Kernel.php(111): Illuminate\\Foundation\\Http\\Kernel->sendRequestThroughRouter()
#50 /home/idx/PhpstormProjects/Festival_Sajat_Gyakorlas/Festival_Sajat_Gyakorlas/public/index.php(52): Illuminate\\Foundation\\Http\\Kernel->handle()
#51 /home/idx/PhpstormProjects/Festival_Sajat_Gyakorlas/Festival_Sajat_Gyakorlas/vendor/laravel/framework/src/Illuminate/Foundation/resources/server.php(16): require_once('...')
#52 {main}
"} 
[2022-08-17 16:39:22] local.ERROR: syntax error, unexpected token ")", expecting "->" or "?->" or "{" or "[" {"view":{"view":"/home/idx/PhpstormProjects/Festival_Sajat_Gyakorlas/Festival_Sajat_Gyakorlas/resources/views/festivals.blade.php","data":[]},"exception":"[object] (Spatie\\LaravelIgnition\\Exceptions\\ViewException(code: 0): syntax error, unexpected token \")\", expecting \"->\" or \"?->\" or \"{\" or \"[\" at /home/idx/PhpstormProjects/Festival_Sajat_Gyakorlas/Festival_Sajat_Gyakorlas/resources/views/festivals.blade.php:15)
[stacktrace]
#0 /home/idx/PhpstormProjects/Festival_Sajat_Gyakorlas/Festival_Sajat_Gyakorlas/vendor/laravel/framework/src/Illuminate/Filesystem/Filesystem.php(108): Illuminate\\Filesystem\\Filesystem::Illuminate\\Filesystem\\{closure}()
#1 /home/idx/PhpstormProjects/Festival_Sajat_Gyakorlas/Festival_Sajat_Gyakorlas/vendor/laravel/framework/src/Illuminate/View/Engines/PhpEngine.php(58): Illuminate\\Filesystem\\Filesystem->getRequire()
#2 /home/idx/PhpstormProjects/Festival_Sajat_Gyakorlas/Festival_Sajat_Gyakorlas/vendor/laravel/framework/src/Illuminate/View/Engines/CompilerEngine.php(61): Illuminate\\View\\Engines\\PhpEngine->evaluatePath()
#3 /home/idx/PhpstormProjects/Festival_Sajat_Gyakorlas/Festival_Sajat_Gyakorlas/vendor/laravel/framework/src/Illuminate/View/View.php(139): Illuminate\\View\\Engines\\CompilerEngine->get()
#4 /home/idx/PhpstormProjects/Festival_Sajat_Gyakorlas/Festival_Sajat_Gyakorlas/vendor/laravel/framework/src/Illuminate/View/View.php(122): Illuminate\\View\\View->getContents()
#5 /home/idx/PhpstormProjects/Festival_Sajat_Gyakorlas/Festival_Sajat_Gyakorlas/vendor/laravel/framework/src/Illuminate/View/View.php(91): Illuminate\\View\\View->renderContents()
#6 /home/idx/PhpstormProjects/Festival_Sajat_Gyakorlas/Festival_Sajat_Gyakorlas/vendor/laravel/framework/src/Illuminate/Http/Response.php(69): Illuminate\\View\\View->render()
#7 /home/idx/PhpstormProjects/Festival_Sajat_Gyakorlas/Festival_Sajat_Gyakorlas/vendor/laravel/framework/src/Illuminate/Http/Response.php(35): Illuminate\\Http\\Response->setContent()
#8 /home/idx/PhpstormProjects/Festival_Sajat_Gyakorlas/Festival_Sajat_Gyakorlas/vendor/laravel/framework/src/Illuminate/Routing/Router.php(833): Illuminate\\Http\\Response->__construct()
#9 /home/idx/PhpstormProjects/Festival_Sajat_Gyakorlas/Festival_Sajat_Gyakorlas/vendor/laravel/framework/src/Illuminate/Routing/Router.php(802): Illuminate\\Routing\\Router::toResponse()
#10 /home/idx/PhpstormProjects/Festival_Sajat_Gyakorlas/Festival_Sajat_Gyakorlas/vendor/laravel/framework/src/Illuminate/Routing/Router.php(725): Illuminate\\Routing\\Router->prepareResponse()
#11 /home/idx/PhpstormProjects/Festival_Sajat_Gyakorlas/Festival_Sajat_Gyakorlas/vendor/laravel/framework/src/Illuminate/Pipeline/Pipeline.php(141): Illuminate\\Routing\\Router->Illuminate\\Routing\\{closure}()
#12 /home/idx/PhpstormProjects/Festival_Sajat_Gyakorlas/Festival_Sajat_Gyakorlas/vendor/laravel/framework/src/Illuminate/Routing/Middleware/SubstituteBindings.php(50): Illuminate\\Pipeline\\Pipeline->Illuminate\\Pipeline\\{closure}()
#13 /home/idx/PhpstormProjects/Festival_Sajat_Gyakorlas/Festival_Sajat_Gyakorlas/vendor/laravel/framework/src/Illuminate/Pipeline/Pipeline.php(180): Illuminate\\Routing\\Middleware\\SubstituteBindings->handle()
#14 /home/idx/PhpstormProjects/Festival_Sajat_Gyakorlas/Festival_Sajat_Gyakorlas/vendor/laravel/framework/src/Illuminate/Foundation/Http/Middleware/VerifyCsrfToken.php(78): Illuminate\\Pipeline\\Pipeline->Illuminate\\Pipeline\\{closure}()
#15 /home/idx/PhpstormProjects/Festival_Sajat_Gyakorlas/Festival_Sajat_Gyakorlas/vendor/laravel/framework/src/Illuminate/Pipeline/Pipeline.php(180): Illuminate\\Foundation\\Http\\Middleware\\VerifyCsrfToken->handle()
#16 /home/idx/PhpstormProjects/Festival_Sajat_Gyakorlas/Festival_Sajat_Gyakorlas/vendor/laravel/framework/src/Illuminate/View/Middleware/ShareErrorsFromSession.php(49): Illuminate\\Pipeline\\Pipeline->Illuminate\\Pipeline\\{closure}()
#17 /home/idx/PhpstormProjects/Festival_Sajat_Gyakorlas/Festival_Sajat_Gyakorlas/vendor/laravel/framework/src/Illuminate/Pipeline/Pipeline.php(180): Illuminate\\View\\Middleware\\ShareErrorsFromSession->handle()
#18 /home/idx/PhpstormProjects/Festival_Sajat_Gyakorlas/Festival_Sajat_Gyakorlas/vendor/laravel/framework/src/Illuminate/Session/Middleware/StartSession.php(121): Illuminate\\Pipeline\\Pipeline->Illuminate\\Pipeline\\{closure}()
#19 /home/idx/PhpstormProjects/Festival_Sajat_Gyakorlas/Festival_Sajat_Gyakorlas/vendor/laravel/framework/src/Illuminate/Session/Middleware/StartSession.php(64): Illuminate\\Session\\Middleware\\StartSession->handleStatefulRequest()
#20 /home/idx/PhpstormProjects/Festival_Sajat_Gyakorlas/Festival_Sajat_Gyakorlas/vendor/laravel/framework/src/Illuminate/Pipeline/Pipeline.php(180): Illuminate\\Session\\Middleware\\StartSession->handle()
#21 /home/idx/PhpstormProjects/Festival_Sajat_Gyakorlas/Festival_Sajat_Gyakorlas/vendor/laravel/framework/src/Illuminate/Cookie/Middleware/AddQueuedCookiesToResponse.php(37): Illuminate\\Pipeline\\Pipeline->Illuminate\\Pipeline\\{closure}()
#22 /home/idx/PhpstormProjects/Festival_Sajat_Gyakorlas/Festival_Sajat_Gyakorlas/vendor/laravel/framework/src/Illuminate/Pipeline/Pipeline.php(180): Illuminate\\Cookie\\Middleware\\AddQueuedCookiesToResponse->handle()
#23 /home/idx/PhpstormProjects/Festival_Sajat_Gyakorlas/Festival_Sajat_Gyakorlas/vendor/laravel/framework/src/Illuminate/Cookie/Middleware/EncryptCookies.php(67): Illuminate\\Pipeline\\Pipeline->Illuminate\\Pipeline\\{closure}()
#24 /home/idx/PhpstormProjects/Festival_Sajat_Gyakorlas/Festival_Sajat_Gyakorlas/vendor/laravel/framework/src/Illuminate/Pipeline/Pipeline.php(180): Illuminate\\Cookie\\Middleware\\EncryptCookies->handle()
#25 /home/idx/PhpstormProjects/Festival_Sajat_Gyakorlas/Festival_Sajat_Gyakorlas/vendor/laravel/framework/src/Illuminate/Pipeline/Pipeline.php(116): Illuminate\\Pipeline\\Pipeline->Illuminate\\Pipeline\\{closure}()
#26 /home/idx/PhpstormProjects/Festival_Sajat_Gyakorlas/Festival_Sajat_Gyakorlas/vendor/laravel/framework/src/Illuminate/Routing/Router.php(726): Illuminate\\Pipeline\\Pipeline->then()
#27 /home/idx/PhpstormProjects/Festival_Sajat_Gyakorlas/Festival_Sajat_Gyakorlas/vendor/laravel/framework/src/Illuminate/Routing/Router.php(703): Illuminate\\Routing\\Router->runRouteWithinStack()
#28 /home/idx/PhpstormProjects/Festival_Sajat_Gyakorlas/Festival_Sajat_Gyakorlas/vendor/laravel/framework/src/Illuminate/Routing/Router.php(667): Illuminate\\Routing\\Router->runRoute()
#29 /home/idx/PhpstormProjects/Festival_Sajat_Gyakorlas/Festival_Sajat_Gyakorlas/vendor/laravel/framework/src/Illuminate/Routing/Router.php(656): Illuminate\\Routing\\Router->dispatchToRoute()
#30 /home/idx/PhpstormProjects/Festival_Sajat_Gyakorlas/Festival_Sajat_Gyakorlas/vendor/laravel/framework/src/Illuminate/Foundation/Http/Kernel.php(167): Illuminate\\Routing\\Router->dispatch()
#31 /home/idx/PhpstormProjects/Festival_Sajat_Gyakorlas/Festival_Sajat_Gyakorlas/vendor/laravel/framework/src/Illuminate/Pipeline/Pipeline.php(141): Illuminate\\Foundation\\Http\\Kernel->Illuminate\\Foundation\\Http\\{closure}()
#32 /home/idx/PhpstormProjects/Festival_Sajat_Gyakorlas/Festival_Sajat_Gyakorlas/vendor/laravel/framework/src/Illuminate/Foundation/Http/Middleware/TransformsRequest.php(21): Illuminate\\Pipeline\\Pipeline->Illuminate\\Pipeline\\{closure}()
#33 /home/idx/PhpstormProjects/Festival_Sajat_Gyakorlas/Festival_Sajat_Gyakorlas/vendor/laravel/framework/src/Illuminate/Foundation/Http/Middleware/ConvertEmptyStringsToNull.php(31): Illuminate\\Foundation\\Http\\Middleware\\TransformsRequest->handle()
#34 /home/idx/PhpstormProjects/Festival_Sajat_Gyakorlas/Festival_Sajat_Gyakorlas/vendor/laravel/framework/src/Illuminate/Pipeline/Pipeline.php(180): Illuminate\\Foundation\\Http\\Middleware\\ConvertEmptyStringsToNull->handle()
#35 /home/idx/PhpstormProjects/Festival_Sajat_Gyakorlas/Festival_Sajat_Gyakorlas/vendor/laravel/framework/src/Illuminate/Foundation/Http/Middleware/TransformsRequest.php(21): Illuminate\\Pipeline\\Pipeline->Illuminate\\Pipeline\\{closure}()
#36 /home/idx/PhpstormProjects/Festival_Sajat_Gyakorlas/Festival_Sajat_Gyakorlas/vendor/laravel/framework/src/Illuminate/Foundation/Http/Middleware/TrimStrings.php(40): Illuminate\\Foundation\\Http\\Middleware\\TransformsRequest->handle()
#37 /home/idx/PhpstormProjects/Festival_Sajat_Gyakorlas/Festival_Sajat_Gyakorlas/vendor/laravel/framework/src/Illuminate/Pipeline/Pipeline.php(180): Illuminate\\Foundation\\Http\\Middleware\\TrimStrings->handle()
#38 /home/idx/PhpstormProjects/Festival_Sajat_Gyakorlas/Festival_Sajat_Gyakorlas/vendor/laravel/framework/src/Illuminate/Foundation/Http/Middleware/ValidatePostSize.php(27): Illuminate\\Pipeline\\Pipeline->Illuminate\\Pipeline\\{closure}()
#39 /home/idx/PhpstormProjects/Festival_Sajat_Gyakorlas/Festival_Sajat_Gyakorlas/vendor/laravel/framework/src/Illuminate/Pipeline/Pipeline.php(180): Illuminate\\Foundation\\Http\\Middleware\\ValidatePostSize->handle()
#40 /home/idx/PhpstormProjects/Festival_Sajat_Gyakorlas/Festival_Sajat_Gyakorlas/vendor/laravel/framework/src/Illuminate/Foundation/Http/Middleware/PreventRequestsDuringMaintenance.php(86): Illuminate\\Pipeline\\Pipeline->Illuminate\\Pipeline\\{closure}()
#41 /home/idx/PhpstormProjects/Festival_Sajat_Gyakorlas/Festival_Sajat_Gyakorlas/vendor/laravel/framework/src/Illuminate/Pipeline/Pipeline.php(180): Illuminate\\Foundation\\Http\\Middleware\\PreventRequestsDuringMaintenance->handle()
#42 /home/idx/PhpstormProjects/Festival_Sajat_Gyakorlas/Festival_Sajat_Gyakorlas/vendor/laravel/framework/src/Illuminate/Http/Middleware/HandleCors.php(49): Illuminate\\Pipeline\\Pipeline->Illuminate\\Pipeline\\{closure}()
#43 /home/idx/PhpstormProjects/Festival_Sajat_Gyakorlas/Festival_Sajat_Gyakorlas/vendor/laravel/framework/src/Illuminate/Pipeline/Pipeline.php(180): Illuminate\\Http\\Middleware\\HandleCors->handle()
#44 /home/idx/PhpstormProjects/Festival_Sajat_Gyakorlas/Festival_Sajat_Gyakorlas/vendor/laravel/framework/src/Illuminate/Http/Middleware/TrustProxies.php(39): Illuminate\\Pipeline\\Pipeline->Illuminate\\Pipeline\\{closure}()
#45 /home/idx/PhpstormProjects/Festival_Sajat_Gyakorlas/Festival_Sajat_Gyakorlas/vendor/laravel/framework/src/Illuminate/Pipeline/Pipeline.php(180): Illuminate\\Http\\Middleware\\TrustProxies->handle()
#46 /home/idx/PhpstormProjects/Festival_Sajat_Gyakorlas/Festival_Sajat_Gyakorlas/vendor/laravel/framework/src/Illuminate/Pipeline/Pipeline.php(116): Illuminate\\Pipeline\\Pipeline->Illuminate\\Pipeline\\{closure}()
#47 /home/idx/PhpstormProjects/Festival_Sajat_Gyakorlas/Festival_Sajat_Gyakorlas/vendor/laravel/framework/src/Illuminate/Foundation/Http/Kernel.php(142): Illuminate\\Pipeline\\Pipeline->then()
#48 /home/idx/PhpstormProjects/Festival_Sajat_Gyakorlas/Festival_Sajat_Gyakorlas/vendor/laravel/framework/src/Illuminate/Foundation/Http/Kernel.php(111): Illuminate\\Foundation\\Http\\Kernel->sendRequestThroughRouter()
#49 /home/idx/PhpstormProjects/Festival_Sajat_Gyakorlas/Festival_Sajat_Gyakorlas/public/index.php(52): Illuminate\\Foundation\\Http\\Kernel->handle()
#50 /home/idx/PhpstormProjects/Festival_Sajat_Gyakorlas/Festival_Sajat_Gyakorlas/vendor/laravel/framework/src/Illuminate/Foundation/resources/server.php(16): require_once('...')
#51 {main}

[previous exception] [object] (ParseError(code: 0): syntax error, unexpected token \")\", expecting \"->\" or \"?->\" or \"{\" or \"[\" at /home/idx/PhpstormProjects/Festival_Sajat_Gyakorlas/Festival_Sajat_Gyakorlas/storage/framework/views/0cb23014cf1b1f15ede10ea44415087adfafff30.php:13)
[stacktrace]
#0 /home/idx/PhpstormProjects/Festival_Sajat_Gyakorlas/Festival_Sajat_Gyakorlas/vendor/laravel/framework/src/Illuminate/Filesystem/Filesystem.php(108): Illuminate\\Filesystem\\Filesystem::Illuminate\\Filesystem\\{closure}()
#1 /home/idx/PhpstormProjects/Festival_Sajat_Gyakorlas/Festival_Sajat_Gyakorlas/vendor/laravel/framework/src/Illuminate/View/Engines/PhpEngine.php(58): Illuminate\\Filesystem\\Filesystem->getRequire()
#2 /home/idx/PhpstormProjects/Festival_Sajat_Gyakorlas/Festival_Sajat_Gyakorlas/vendor/laravel/framework/src/Illuminate/View/Engines/CompilerEngine.php(61): Illuminate\\View\\Engines\\PhpEngine->evaluatePath()
#3 /home/idx/PhpstormProjects/Festival_Sajat_Gyakorlas/Festival_Sajat_Gyakorlas/vendor/laravel/framework/src/Illuminate/View/View.php(139): Illuminate\\View\\Engines\\CompilerEngine->get()
#4 /home/idx/PhpstormProjects/Festival_Sajat_Gyakorlas/Festival_Sajat_Gyakorlas/vendor/laravel/framework/src/Illuminate/View/View.php(122): Illuminate\\View\\View->getContents()
#5 /home/idx/PhpstormProjects/Festival_Sajat_Gyakorlas/Festival_Sajat_Gyakorlas/vendor/laravel/framework/src/Illuminate/View/View.php(91): Illuminate\\View\\View->renderContents()
#6 /home/idx/PhpstormProjects/Festival_Sajat_Gyakorlas/Festival_Sajat_Gyakorlas/vendor/laravel/framework/src/Illuminate/Http/Response.php(69): Illuminate\\View\\View->render()
#7 /home/idx/PhpstormProjects/Festival_Sajat_Gyakorlas/Festival_Sajat_Gyakorlas/vendor/laravel/framework/src/Illuminate/Http/Response.php(35): Illuminate\\Http\\Response->setContent()
#8 /home/idx/PhpstormProjects/Festival_Sajat_Gyakorlas/Festival_Sajat_Gyakorlas/vendor/laravel/framework/src/Illuminate/Routing/Router.php(833): Illuminate\\Http\\Response->__construct()
#9 /home/idx/PhpstormProjects/Festival_Sajat_Gyakorlas/Festival_Sajat_Gyakorlas/vendor/laravel/framework/src/Illuminate/Routing/Router.php(802): Illuminate\\Routing\\Router::toResponse()
#10 /home/idx/PhpstormProjects/Festival_Sajat_Gyakorlas/Festival_Sajat_Gyakorlas/vendor/laravel/framework/src/Illuminate/Routing/Router.php(725): Illuminate\\Routing\\Router->prepareResponse()
#11 /home/idx/PhpstormProjects/Festival_Sajat_Gyakorlas/Festival_Sajat_Gyakorlas/vendor/laravel/framework/src/Illuminate/Pipeline/Pipeline.php(141): Illuminate\\Routing\\Router->Illuminate\\Routing\\{closure}()
#12 /home/idx/PhpstormProjects/Festival_Sajat_Gyakorlas/Festival_Sajat_Gyakorlas/vendor/laravel/framework/src/Illuminate/Routing/Middleware/SubstituteBindings.php(50): Illuminate\\Pipeline\\Pipeline->Illuminate\\Pipeline\\{closure}()
#13 /home/idx/PhpstormProjects/Festival_Sajat_Gyakorlas/Festival_Sajat_Gyakorlas/vendor/laravel/framework/src/Illuminate/Pipeline/Pipeline.php(180): Illuminate\\Routing\\Middleware\\SubstituteBindings->handle()
#14 /home/idx/PhpstormProjects/Festival_Sajat_Gyakorlas/Festival_Sajat_Gyakorlas/vendor/laravel/framework/src/Illuminate/Foundation/Http/Middleware/VerifyCsrfToken.php(78): Illuminate\\Pipeline\\Pipeline->Illuminate\\Pipeline\\{closure}()
#15 /home/idx/PhpstormProjects/Festival_Sajat_Gyakorlas/Festival_Sajat_Gyakorlas/vendor/laravel/framework/src/Illuminate/Pipeline/Pipeline.php(180): Illuminate\\Foundation\\Http\\Middleware\\VerifyCsrfToken->handle()
#16 /home/idx/PhpstormProjects/Festival_Sajat_Gyakorlas/Festival_Sajat_Gyakorlas/vendor/laravel/framework/src/Illuminate/View/Middleware/ShareErrorsFromSession.php(49): Illuminate\\Pipeline\\Pipeline->Illuminate\\Pipeline\\{closure}()
#17 /home/idx/PhpstormProjects/Festival_Sajat_Gyakorlas/Festival_Sajat_Gyakorlas/vendor/laravel/framework/src/Illuminate/Pipeline/Pipeline.php(180): Illuminate\\View\\Middleware\\ShareErrorsFromSession->handle()
#18 /home/idx/PhpstormProjects/Festival_Sajat_Gyakorlas/Festival_Sajat_Gyakorlas/vendor/laravel/framework/src/Illuminate/Session/Middleware/StartSession.php(121): Illuminate\\Pipeline\\Pipeline->Illuminate\\Pipeline\\{closure}()
#19 /home/idx/PhpstormProjects/Festival_Sajat_Gyakorlas/Festival_Sajat_Gyakorlas/vendor/laravel/framework/src/Illuminate/Session/Middleware/StartSession.php(64): Illuminate\\Session\\Middleware\\StartSession->handleStatefulRequest()
#20 /home/idx/PhpstormProjects/Festival_Sajat_Gyakorlas/Festival_Sajat_Gyakorlas/vendor/laravel/framework/src/Illuminate/Pipeline/Pipeline.php(180): Illuminate\\Session\\Middleware\\StartSession->handle()
#21 /home/idx/PhpstormProjects/Festival_Sajat_Gyakorlas/Festival_Sajat_Gyakorlas/vendor/laravel/framework/src/Illuminate/Cookie/Middleware/AddQueuedCookiesToResponse.php(37): Illuminate\\Pipeline\\Pipeline->Illuminate\\Pipeline\\{closure}()
#22 /home/idx/PhpstormProjects/Festival_Sajat_Gyakorlas/Festival_Sajat_Gyakorlas/vendor/laravel/framework/src/Illuminate/Pipeline/Pipeline.php(180): Illuminate\\Cookie\\Middleware\\AddQueuedCookiesToResponse->handle()
#23 /home/idx/PhpstormProjects/Festival_Sajat_Gyakorlas/Festival_Sajat_Gyakorlas/vendor/laravel/framework/src/Illuminate/Cookie/Middleware/EncryptCookies.php(67): Illuminate\\Pipeline\\Pipeline->Illuminate\\Pipeline\\{closure}()
#24 /home/idx/PhpstormProjects/Festival_Sajat_Gyakorlas/Festival_Sajat_Gyakorlas/vendor/laravel/framework/src/Illuminate/Pipeline/Pipeline.php(180): Illuminate\\Cookie\\Middleware\\EncryptCookies->handle()
#25 /home/idx/PhpstormProjects/Festival_Sajat_Gyakorlas/Festival_Sajat_Gyakorlas/vendor/laravel/framework/src/Illuminate/Pipeline/Pipeline.php(116): Illuminate\\Pipeline\\Pipeline->Illuminate\\Pipeline\\{closure}()
#26 /home/idx/PhpstormProjects/Festival_Sajat_Gyakorlas/Festival_Sajat_Gyakorlas/vendor/laravel/framework/src/Illuminate/Routing/Router.php(726): Illuminate\\Pipeline\\Pipeline->then()
#27 /home/idx/PhpstormProjects/Festival_Sajat_Gyakorlas/Festival_Sajat_Gyakorlas/vendor/laravel/framework/src/Illuminate/Routing/Router.php(703): Illuminate\\Routing\\Router->runRouteWithinStack()
#28 /home/idx/PhpstormProjects/Festival_Sajat_Gyakorlas/Festival_Sajat_Gyakorlas/vendor/laravel/framework/src/Illuminate/Routing/Router.php(667): Illuminate\\Routing\\Router->runRoute()
#29 /home/idx/PhpstormProjects/Festival_Sajat_Gyakorlas/Festival_Sajat_Gyakorlas/vendor/laravel/framework/src/Illuminate/Routing/Router.php(656): Illuminate\\Routing\\Router->dispatchToRoute()
#30 /home/idx/PhpstormProjects/Festival_Sajat_Gyakorlas/Festival_Sajat_Gyakorlas/vendor/laravel/framework/src/Illuminate/Foundation/Http/Kernel.php(167): Illuminate\\Routing\\Router->dispatch()
#31 /home/idx/PhpstormProjects/Festival_Sajat_Gyakorlas/Festival_Sajat_Gyakorlas/vendor/laravel/framework/src/Illuminate/Pipeline/Pipeline.php(141): Illuminate\\Foundation\\Http\\Kernel->Illuminate\\Foundation\\Http\\{closure}()
#32 /home/idx/PhpstormProjects/Festival_Sajat_Gyakorlas/Festival_Sajat_Gyakorlas/vendor/laravel/framework/src/Illuminate/Foundation/Http/Middleware/TransformsRequest.php(21): Illuminate\\Pipeline\\Pipeline->Illuminate\\Pipeline\\{closure}()
#33 /home/idx/PhpstormProjects/Festival_Sajat_Gyakorlas/Festival_Sajat_Gyakorlas/vendor/laravel/framework/src/Illuminate/Foundation/Http/Middleware/ConvertEmptyStringsToNull.php(31): Illuminate\\Foundation\\Http\\Middleware\\TransformsRequest->handle()
#34 /home/idx/PhpstormProjects/Festival_Sajat_Gyakorlas/Festival_Sajat_Gyakorlas/vendor/laravel/framework/src/Illuminate/Pipeline/Pipeline.php(180): Illuminate\\Foundation\\Http\\Middleware\\ConvertEmptyStringsToNull->handle()
#35 /home/idx/PhpstormProjects/Festival_Sajat_Gyakorlas/Festival_Sajat_Gyakorlas/vendor/laravel/framework/src/Illuminate/Foundation/Http/Middleware/TransformsRequest.php(21): Illuminate\\Pipeline\\Pipeline->Illuminate\\Pipeline\\{closure}()
#36 /home/idx/PhpstormProjects/Festival_Sajat_Gyakorlas/Festival_Sajat_Gyakorlas/vendor/laravel/framework/src/Illuminate/Foundation/Http/Middleware/TrimStrings.php(40): Illuminate\\Foundation\\Http\\Middleware\\TransformsRequest->handle()
#37 /home/idx/PhpstormProjects/Festival_Sajat_Gyakorlas/Festival_Sajat_Gyakorlas/vendor/laravel/framework/src/Illuminate/Pipeline/Pipeline.php(180): Illuminate\\Foundation\\Http\\Middleware\\TrimStrings->handle()
#38 /home/idx/PhpstormProjects/Festival_Sajat_Gyakorlas/Festival_Sajat_Gyakorlas/vendor/laravel/framework/src/Illuminate/Foundation/Http/Middleware/ValidatePostSize.php(27): Illuminate\\Pipeline\\Pipeline->Illuminate\\Pipeline\\{closure}()
#39 /home/idx/PhpstormProjects/Festival_Sajat_Gyakorlas/Festival_Sajat_Gyakorlas/vendor/laravel/framework/src/Illuminate/Pipeline/Pipeline.php(180): Illuminate\\Foundation\\Http\\Middleware\\ValidatePostSize->handle()
#40 /home/idx/PhpstormProjects/Festival_Sajat_Gyakorlas/Festival_Sajat_Gyakorlas/vendor/laravel/framework/src/Illuminate/Foundation/Http/Middleware/PreventRequestsDuringMaintenance.php(86): Illuminate\\Pipeline\\Pipeline->Illuminate\\Pipeline\\{closure}()
#41 /home/idx/PhpstormProjects/Festival_Sajat_Gyakorlas/Festival_Sajat_Gyakorlas/vendor/laravel/framework/src/Illuminate/Pipeline/Pipeline.php(180): Illuminate\\Foundation\\Http\\Middleware\\PreventRequestsDuringMaintenance->handle()
#42 /home/idx/PhpstormProjects/Festival_Sajat_Gyakorlas/Festival_Sajat_Gyakorlas/vendor/laravel/framework/src/Illuminate/Http/Middleware/HandleCors.php(49): Illuminate\\Pipeline\\Pipeline->Illuminate\\Pipeline\\{closure}()
#43 /home/idx/PhpstormProjects/Festival_Sajat_Gyakorlas/Festival_Sajat_Gyakorlas/vendor/laravel/framework/src/Illuminate/Pipeline/Pipeline.php(180): Illuminate\\Http\\Middleware\\HandleCors->handle()
#44 /home/idx/PhpstormProjects/Festival_Sajat_Gyakorlas/Festival_Sajat_Gyakorlas/vendor/laravel/framework/src/Illuminate/Http/Middleware/TrustProxies.php(39): Illuminate\\Pipeline\\Pipeline->Illuminate\\Pipeline\\{closure}()
#45 /home/idx/PhpstormProjects/Festival_Sajat_Gyakorlas/Festival_Sajat_Gyakorlas/vendor/laravel/framework/src/Illuminate/Pipeline/Pipeline.php(180): Illuminate\\Http\\Middleware\\TrustProxies->handle()
#46 /home/idx/PhpstormProjects/Festival_Sajat_Gyakorlas/Festival_Sajat_Gyakorlas/vendor/laravel/framework/src/Illuminate/Pipeline/Pipeline.php(116): Illuminate\\Pipeline\\Pipeline->Illuminate\\Pipeline\\{closure}()
#47 /home/idx/PhpstormProjects/Festival_Sajat_Gyakorlas/Festival_Sajat_Gyakorlas/vendor/laravel/framework/src/Illuminate/Foundation/Http/Kernel.php(142): Illuminate\\Pipeline\\Pipeline->then()
#48 /home/idx/PhpstormProjects/Festival_Sajat_Gyakorlas/Festival_Sajat_Gyakorlas/vendor/laravel/framework/src/Illuminate/Foundation/Http/Kernel.php(111): Illuminate\\Foundation\\Http\\Kernel->sendRequestThroughRouter()
#49 /home/idx/PhpstormProjects/Festival_Sajat_Gyakorlas/Festival_Sajat_Gyakorlas/public/index.php(52): Illuminate\\Foundation\\Http\\Kernel->handle()
#50 /home/idx/PhpstormProjects/Festival_Sajat_Gyakorlas/Festival_Sajat_Gyakorlas/vendor/laravel/framework/src/Illuminate/Foundation/resources/server.php(16): require_once('...')
#51 {main}
"} 
[2022-08-17 16:40:54] local.ERROR: Undefined variable $name {"view":{"view":"/home/idx/PhpstormProjects/Festival_Sajat_Gyakorlas/Festival_Sajat_Gyakorlas/resources/views/festivals.blade.php","data":[]},"exception":"[object] (Spatie\\LaravelIgnition\\Exceptions\\ViewException(code: 0): Undefined variable $name at /home/idx/PhpstormProjects/Festival_Sajat_Gyakorlas/Festival_Sajat_Gyakorlas/resources/views/festivals.blade.php:25)
[stacktrace]
#0 /home/idx/PhpstormProjects/Festival_Sajat_Gyakorlas/Festival_Sajat_Gyakorlas/vendor/laravel/framework/src/Illuminate/Foundation/Bootstrap/HandleExceptions.php(257): Illuminate\\Foundation\\Bootstrap\\HandleExceptions->handleError()
#1 /home/idx/PhpstormProjects/Festival_Sajat_Gyakorlas/Festival_Sajat_Gyakorlas/resources/views/festivals.blade.php(25): Illuminate\\Foundation\\Bootstrap\\HandleExceptions->Illuminate\\Foundation\\Bootstrap\\{closure}()
#2 /home/idx/PhpstormProjects/Festival_Sajat_Gyakorlas/Festival_Sajat_Gyakorlas/vendor/laravel/framework/src/Illuminate/Filesystem/Filesystem.php(107): require('...')
#3 /home/idx/PhpstormProjects/Festival_Sajat_Gyakorlas/Festival_Sajat_Gyakorlas/vendor/laravel/framework/src/Illuminate/Filesystem/Filesystem.php(108): Illuminate\\Filesystem\\Filesystem::Illuminate\\Filesystem\\{closure}()
#4 /home/idx/PhpstormProjects/Festival_Sajat_Gyakorlas/Festival_Sajat_Gyakorlas/vendor/laravel/framework/src/Illuminate/View/Engines/PhpEngine.php(58): Illuminate\\Filesystem\\Filesystem->getRequire()
#5 /home/idx/PhpstormProjects/Festival_Sajat_Gyakorlas/Festival_Sajat_Gyakorlas/vendor/laravel/framework/src/Illuminate/View/Engines/CompilerEngine.php(61): Illuminate\\View\\Engines\\PhpEngine->evaluatePath()
#6 /home/idx/PhpstormProjects/Festival_Sajat_Gyakorlas/Festival_Sajat_Gyakorlas/vendor/laravel/framework/src/Illuminate/View/View.php(139): Illuminate\\View\\Engines\\CompilerEngine->get()
#7 /home/idx/PhpstormProjects/Festival_Sajat_Gyakorlas/Festival_Sajat_Gyakorlas/vendor/laravel/framework/src/Illuminate/View/View.php(122): Illuminate\\View\\View->getContents()
#8 /home/idx/PhpstormProjects/Festival_Sajat_Gyakorlas/Festival_Sajat_Gyakorlas/vendor/laravel/framework/src/Illuminate/View/View.php(91): Illuminate\\View\\View->renderContents()
#9 /home/idx/PhpstormProjects/Festival_Sajat_Gyakorlas/Festival_Sajat_Gyakorlas/vendor/laravel/framework/src/Illuminate/Http/Response.php(69): Illuminate\\View\\View->render()
#10 /home/idx/PhpstormProjects/Festival_Sajat_Gyakorlas/Festival_Sajat_Gyakorlas/vendor/laravel/framework/src/Illuminate/Http/Response.php(35): Illuminate\\Http\\Response->setContent()
#11 /home/idx/PhpstormProjects/Festival_Sajat_Gyakorlas/Festival_Sajat_Gyakorlas/vendor/laravel/framework/src/Illuminate/Routing/Router.php(833): Illuminate\\Http\\Response->__construct()
#12 /home/idx/PhpstormProjects/Festival_Sajat_Gyakorlas/Festival_Sajat_Gyakorlas/vendor/laravel/framework/src/Illuminate/Routing/Router.php(802): Illuminate\\Routing\\Router::toResponse()
#13 /home/idx/PhpstormProjects/Festival_Sajat_Gyakorlas/Festival_Sajat_Gyakorlas/vendor/laravel/framework/src/Illuminate/Routing/Router.php(725): Illuminate\\Routing\\Router->prepareResponse()
#14 /home/idx/PhpstormProjects/Festival_Sajat_Gyakorlas/Festival_Sajat_Gyakorlas/vendor/laravel/framework/src/Illuminate/Pipeline/Pipeline.php(141): Illuminate\\Routing\\Router->Illuminate\\Routing\\{closure}()
#15 /home/idx/PhpstormProjects/Festival_Sajat_Gyakorlas/Festival_Sajat_Gyakorlas/vendor/laravel/framework/src/Illuminate/Routing/Middleware/SubstituteBindings.php(50): Illuminate\\Pipeline\\Pipeline->Illuminate\\Pipeline\\{closure}()
#16 /home/idx/PhpstormProjects/Festival_Sajat_Gyakorlas/Festival_Sajat_Gyakorlas/vendor/laravel/framework/src/Illuminate/Pipeline/Pipeline.php(180): Illuminate\\Routing\\Middleware\\SubstituteBindings->handle()
#17 /home/idx/PhpstormProjects/Festival_Sajat_Gyakorlas/Festival_Sajat_Gyakorlas/vendor/laravel/framework/src/Illuminate/Foundation/Http/Middleware/VerifyCsrfToken.php(78): Illuminate\\Pipeline\\Pipeline->Illuminate\\Pipeline\\{closure}()
#18 /home/idx/PhpstormProjects/Festival_Sajat_Gyakorlas/Festival_Sajat_Gyakorlas/vendor/laravel/framework/src/Illuminate/Pipeline/Pipeline.php(180): Illuminate\\Foundation\\Http\\Middleware\\VerifyCsrfToken->handle()
#19 /home/idx/PhpstormProjects/Festival_Sajat_Gyakorlas/Festival_Sajat_Gyakorlas/vendor/laravel/framework/src/Illuminate/View/Middleware/ShareErrorsFromSession.php(49): Illuminate\\Pipeline\\Pipeline->Illuminate\\Pipeline\\{closure}()
#20 /home/idx/PhpstormProjects/Festival_Sajat_Gyakorlas/Festival_Sajat_Gyakorlas/vendor/laravel/framework/src/Illuminate/Pipeline/Pipeline.php(180): Illuminate\\View\\Middleware\\ShareErrorsFromSession->handle()
#21 /home/idx/PhpstormProjects/Festival_Sajat_Gyakorlas/Festival_Sajat_Gyakorlas/vendor/laravel/framework/src/Illuminate/Session/Middleware/StartSession.php(121): Illuminate\\Pipeline\\Pipeline->Illuminate\\Pipeline\\{closure}()
#22 /home/idx/PhpstormProjects/Festival_Sajat_Gyakorlas/Festival_Sajat_Gyakorlas/vendor/laravel/framework/src/Illuminate/Session/Middleware/StartSession.php(64): Illuminate\\Session\\Middleware\\StartSession->handleStatefulRequest()
#23 /home/idx/PhpstormProjects/Festival_Sajat_Gyakorlas/Festival_Sajat_Gyakorlas/vendor/laravel/framework/src/Illuminate/Pipeline/Pipeline.php(180): Illuminate\\Session\\Middleware\\StartSession->handle()
#24 /home/idx/PhpstormProjects/Festival_Sajat_Gyakorlas/Festival_Sajat_Gyakorlas/vendor/laravel/framework/src/Illuminate/Cookie/Middleware/AddQueuedCookiesToResponse.php(37): Illuminate\\Pipeline\\Pipeline->Illuminate\\Pipeline\\{closure}()
#25 /home/idx/PhpstormProjects/Festival_Sajat_Gyakorlas/Festival_Sajat_Gyakorlas/vendor/laravel/framework/src/Illuminate/Pipeline/Pipeline.php(180): Illuminate\\Cookie\\Middleware\\AddQueuedCookiesToResponse->handle()
#26 /home/idx/PhpstormProjects/Festival_Sajat_Gyakorlas/Festival_Sajat_Gyakorlas/vendor/laravel/framework/src/Illuminate/Cookie/Middleware/EncryptCookies.php(67): Illuminate\\Pipeline\\Pipeline->Illuminate\\Pipeline\\{closure}()
#27 /home/idx/PhpstormProjects/Festival_Sajat_Gyakorlas/Festival_Sajat_Gyakorlas/vendor/laravel/framework/src/Illuminate/Pipeline/Pipeline.php(180): Illuminate\\Cookie\\Middleware\\EncryptCookies->handle()
#28 /home/idx/PhpstormProjects/Festival_Sajat_Gyakorlas/Festival_Sajat_Gyakorlas/vendor/laravel/framework/src/Illuminate/Pipeline/Pipeline.php(116): Illuminate\\Pipeline\\Pipeline->Illuminate\\Pipeline\\{closure}()
#29 /home/idx/PhpstormProjects/Festival_Sajat_Gyakorlas/Festival_Sajat_Gyakorlas/vendor/laravel/framework/src/Illuminate/Routing/Router.php(726): Illuminate\\Pipeline\\Pipeline->then()
#30 /home/idx/PhpstormProjects/Festival_Sajat_Gyakorlas/Festival_Sajat_Gyakorlas/vendor/laravel/framework/src/Illuminate/Routing/Router.php(703): Illuminate\\Routing\\Router->runRouteWithinStack()
#31 /home/idx/PhpstormProjects/Festival_Sajat_Gyakorlas/Festival_Sajat_Gyakorlas/vendor/laravel/framework/src/Illuminate/Routing/Router.php(667): Illuminate\\Routing\\Router->runRoute()
#32 /home/idx/PhpstormProjects/Festival_Sajat_Gyakorlas/Festival_Sajat_Gyakorlas/vendor/laravel/framework/src/Illuminate/Routing/Router.php(656): Illuminate\\Routing\\Router->dispatchToRoute()
#33 /home/idx/PhpstormProjects/Festival_Sajat_Gyakorlas/Festival_Sajat_Gyakorlas/vendor/laravel/framework/src/Illuminate/Foundation/Http/Kernel.php(167): Illuminate\\Routing\\Router->dispatch()
#34 /home/idx/PhpstormProjects/Festival_Sajat_Gyakorlas/Festival_Sajat_Gyakorlas/vendor/laravel/framework/src/Illuminate/Pipeline/Pipeline.php(141): Illuminate\\Foundation\\Http\\Kernel->Illuminate\\Foundation\\Http\\{closure}()
#35 /home/idx/PhpstormProjects/Festival_Sajat_Gyakorlas/Festival_Sajat_Gyakorlas/vendor/laravel/framework/src/Illuminate/Foundation/Http/Middleware/TransformsRequest.php(21): Illuminate\\Pipeline\\Pipeline->Illuminate\\Pipeline\\{closure}()
#36 /home/idx/PhpstormProjects/Festival_Sajat_Gyakorlas/Festival_Sajat_Gyakorlas/vendor/laravel/framework/src/Illuminate/Foundation/Http/Middleware/ConvertEmptyStringsToNull.php(31): Illuminate\\Foundation\\Http\\Middleware\\TransformsRequest->handle()
#37 /home/idx/PhpstormProjects/Festival_Sajat_Gyakorlas/Festival_Sajat_Gyakorlas/vendor/laravel/framework/src/Illuminate/Pipeline/Pipeline.php(180): Illuminate\\Foundation\\Http\\Middleware\\ConvertEmptyStringsToNull->handle()
#38 /home/idx/PhpstormProjects/Festival_Sajat_Gyakorlas/Festival_Sajat_Gyakorlas/vendor/laravel/framework/src/Illuminate/Foundation/Http/Middleware/TransformsRequest.php(21): Illuminate\\Pipeline\\Pipeline->Illuminate\\Pipeline\\{closure}()
#39 /home/idx/PhpstormProjects/Festival_Sajat_Gyakorlas/Festival_Sajat_Gyakorlas/vendor/laravel/framework/src/Illuminate/Foundation/Http/Middleware/TrimStrings.php(40): Illuminate\\Foundation\\Http\\Middleware\\TransformsRequest->handle()
#40 /home/idx/PhpstormProjects/Festival_Sajat_Gyakorlas/Festival_Sajat_Gyakorlas/vendor/laravel/framework/src/Illuminate/Pipeline/Pipeline.php(180): Illuminate\\Foundation\\Http\\Middleware\\TrimStrings->handle()
#41 /home/idx/PhpstormProjects/Festival_Sajat_Gyakorlas/Festival_Sajat_Gyakorlas/vendor/laravel/framework/src/Illuminate/Foundation/Http/Middleware/ValidatePostSize.php(27): Illuminate\\Pipeline\\Pipeline->Illuminate\\Pipeline\\{closure}()
#42 /home/idx/PhpstormProjects/Festival_Sajat_Gyakorlas/Festival_Sajat_Gyakorlas/vendor/laravel/framework/src/Illuminate/Pipeline/Pipeline.php(180): Illuminate\\Foundation\\Http\\Middleware\\ValidatePostSize->handle()
#43 /home/idx/PhpstormProjects/Festival_Sajat_Gyakorlas/Festival_Sajat_Gyakorlas/vendor/laravel/framework/src/Illuminate/Foundation/Http/Middleware/PreventRequestsDuringMaintenance.php(86): Illuminate\\Pipeline\\Pipeline->Illuminate\\Pipeline\\{closure}()
#44 /home/idx/PhpstormProjects/Festival_Sajat_Gyakorlas/Festival_Sajat_Gyakorlas/vendor/laravel/framework/src/Illuminate/Pipeline/Pipeline.php(180): Illuminate\\Foundation\\Http\\Middleware\\PreventRequestsDuringMaintenance->handle()
#45 /home/idx/PhpstormProjects/Festival_Sajat_Gyakorlas/Festival_Sajat_Gyakorlas/vendor/laravel/framework/src/Illuminate/Http/Middleware/HandleCors.php(49): Illuminate\\Pipeline\\Pipeline->Illuminate\\Pipeline\\{closure}()
#46 /home/idx/PhpstormProjects/Festival_Sajat_Gyakorlas/Festival_Sajat_Gyakorlas/vendor/laravel/framework/src/Illuminate/Pipeline/Pipeline.php(180): Illuminate\\Http\\Middleware\\HandleCors->handle()
#47 /home/idx/PhpstormProjects/Festival_Sajat_Gyakorlas/Festival_Sajat_Gyakorlas/vendor/laravel/framework/src/Illuminate/Http/Middleware/TrustProxies.php(39): Illuminate\\Pipeline\\Pipeline->Illuminate\\Pipeline\\{closure}()
#48 /home/idx/PhpstormProjects/Festival_Sajat_Gyakorlas/Festival_Sajat_Gyakorlas/vendor/laravel/framework/src/Illuminate/Pipeline/Pipeline.php(180): Illuminate\\Http\\Middleware\\TrustProxies->handle()
#49 /home/idx/PhpstormProjects/Festival_Sajat_Gyakorlas/Festival_Sajat_Gyakorlas/vendor/laravel/framework/src/Illuminate/Pipeline/Pipeline.php(116): Illuminate\\Pipeline\\Pipeline->Illuminate\\Pipeline\\{closure}()
#50 /home/idx/PhpstormProjects/Festival_Sajat_Gyakorlas/Festival_Sajat_Gyakorlas/vendor/laravel/framework/src/Illuminate/Foundation/Http/Kernel.php(142): Illuminate\\Pipeline\\Pipeline->then()
#51 /home/idx/PhpstormProjects/Festival_Sajat_Gyakorlas/Festival_Sajat_Gyakorlas/vendor/laravel/framework/src/Illuminate/Foundation/Http/Kernel.php(111): Illuminate\\Foundation\\Http\\Kernel->sendRequestThroughRouter()
#52 /home/idx/PhpstormProjects/Festival_Sajat_Gyakorlas/Festival_Sajat_Gyakorlas/public/index.php(52): Illuminate\\Foundation\\Http\\Kernel->handle()
#53 /home/idx/PhpstormProjects/Festival_Sajat_Gyakorlas/Festival_Sajat_Gyakorlas/vendor/laravel/framework/src/Illuminate/Foundation/resources/server.php(16): require_once('...')
#54 {main}

[previous exception] [object] (ErrorException(code: 0): Undefined variable $name at /home/idx/PhpstormProjects/Festival_Sajat_Gyakorlas/Festival_Sajat_Gyakorlas/storage/framework/views/0cb23014cf1b1f15ede10ea44415087adfafff30.php:23)
[stacktrace]
#0 /home/idx/PhpstormProjects/Festival_Sajat_Gyakorlas/Festival_Sajat_Gyakorlas/vendor/laravel/framework/src/Illuminate/Foundation/Bootstrap/HandleExceptions.php(257): Illuminate\\Foundation\\Bootstrap\\HandleExceptions->handleError()
#1 /home/idx/PhpstormProjects/Festival_Sajat_Gyakorlas/Festival_Sajat_Gyakorlas/storage/framework/views/0cb23014cf1b1f15ede10ea44415087adfafff30.php(23): Illuminate\\Foundation\\Bootstrap\\HandleExceptions->Illuminate\\Foundation\\Bootstrap\\{closure}()
#2 /home/idx/PhpstormProjects/Festival_Sajat_Gyakorlas/Festival_Sajat_Gyakorlas/vendor/laravel/framework/src/Illuminate/Filesystem/Filesystem.php(107): require('...')
#3 /home/idx/PhpstormProjects/Festival_Sajat_Gyakorlas/Festival_Sajat_Gyakorlas/vendor/laravel/framework/src/Illuminate/Filesystem/Filesystem.php(108): Illuminate\\Filesystem\\Filesystem::Illuminate\\Filesystem\\{closure}()
#4 /home/idx/PhpstormProjects/Festival_Sajat_Gyakorlas/Festival_Sajat_Gyakorlas/vendor/laravel/framework/src/Illuminate/View/Engines/PhpEngine.php(58): Illuminate\\Filesystem\\Filesystem->getRequire()
#5 /home/idx/PhpstormProjects/Festival_Sajat_Gyakorlas/Festival_Sajat_Gyakorlas/vendor/laravel/framework/src/Illuminate/View/Engines/CompilerEngine.php(61): Illuminate\\View\\Engines\\PhpEngine->evaluatePath()
#6 /home/idx/PhpstormProjects/Festival_Sajat_Gyakorlas/Festival_Sajat_Gyakorlas/vendor/laravel/framework/src/Illuminate/View/View.php(139): Illuminate\\View\\Engines\\CompilerEngine->get()
#7 /home/idx/PhpstormProjects/Festival_Sajat_Gyakorlas/Festival_Sajat_Gyakorlas/vendor/laravel/framework/src/Illuminate/View/View.php(122): Illuminate\\View\\View->getContents()
#8 /home/idx/PhpstormProjects/Festival_Sajat_Gyakorlas/Festival_Sajat_Gyakorlas/vendor/laravel/framework/src/Illuminate/View/View.php(91): Illuminate\\View\\View->renderContents()
#9 /home/idx/PhpstormProjects/Festival_Sajat_Gyakorlas/Festival_Sajat_Gyakorlas/vendor/laravel/framework/src/Illuminate/Http/Response.php(69): Illuminate\\View\\View->render()
#10 /home/idx/PhpstormProjects/Festival_Sajat_Gyakorlas/Festival_Sajat_Gyakorlas/vendor/laravel/framework/src/Illuminate/Http/Response.php(35): Illuminate\\Http\\Response->setContent()
#11 /home/idx/PhpstormProjects/Festival_Sajat_Gyakorlas/Festival_Sajat_Gyakorlas/vendor/laravel/framework/src/Illuminate/Routing/Router.php(833): Illuminate\\Http\\Response->__construct()
#12 /home/idx/PhpstormProjects/Festival_Sajat_Gyakorlas/Festival_Sajat_Gyakorlas/vendor/laravel/framework/src/Illuminate/Routing/Router.php(802): Illuminate\\Routing\\Router::toResponse()
#13 /home/idx/PhpstormProjects/Festival_Sajat_Gyakorlas/Festival_Sajat_Gyakorlas/vendor/laravel/framework/src/Illuminate/Routing/Router.php(725): Illuminate\\Routing\\Router->prepareResponse()
#14 /home/idx/PhpstormProjects/Festival_Sajat_Gyakorlas/Festival_Sajat_Gyakorlas/vendor/laravel/framework/src/Illuminate/Pipeline/Pipeline.php(141): Illuminate\\Routing\\Router->Illuminate\\Routing\\{closure}()
#15 /home/idx/PhpstormProjects/Festival_Sajat_Gyakorlas/Festival_Sajat_Gyakorlas/vendor/laravel/framework/src/Illuminate/Routing/Middleware/SubstituteBindings.php(50): Illuminate\\Pipeline\\Pipeline->Illuminate\\Pipeline\\{closure}()
#16 /home/idx/PhpstormProjects/Festival_Sajat_Gyakorlas/Festival_Sajat_Gyakorlas/vendor/laravel/framework/src/Illuminate/Pipeline/Pipeline.php(180): Illuminate\\Routing\\Middleware\\SubstituteBindings->handle()
#17 /home/idx/PhpstormProjects/Festival_Sajat_Gyakorlas/Festival_Sajat_Gyakorlas/vendor/laravel/framework/src/Illuminate/Foundation/Http/Middleware/VerifyCsrfToken.php(78): Illuminate\\Pipeline\\Pipeline->Illuminate\\Pipeline\\{closure}()
#18 /home/idx/PhpstormProjects/Festival_Sajat_Gyakorlas/Festival_Sajat_Gyakorlas/vendor/laravel/framework/src/Illuminate/Pipeline/Pipeline.php(180): Illuminate\\Foundation\\Http\\Middleware\\VerifyCsrfToken->handle()
#19 /home/idx/PhpstormProjects/Festival_Sajat_Gyakorlas/Festival_Sajat_Gyakorlas/vendor/laravel/framework/src/Illuminate/View/Middleware/ShareErrorsFromSession.php(49): Illuminate\\Pipeline\\Pipeline->Illuminate\\Pipeline\\{closure}()
#20 /home/idx/PhpstormProjects/Festival_Sajat_Gyakorlas/Festival_Sajat_Gyakorlas/vendor/laravel/framework/src/Illuminate/Pipeline/Pipeline.php(180): Illuminate\\View\\Middleware\\ShareErrorsFromSession->handle()
#21 /home/idx/PhpstormProjects/Festival_Sajat_Gyakorlas/Festival_Sajat_Gyakorlas/vendor/laravel/framework/src/Illuminate/Session/Middleware/StartSession.php(121): Illuminate\\Pipeline\\Pipeline->Illuminate\\Pipeline\\{closure}()
#22 /home/idx/PhpstormProjects/Festival_Sajat_Gyakorlas/Festival_Sajat_Gyakorlas/vendor/laravel/framework/src/Illuminate/Session/Middleware/StartSession.php(64): Illuminate\\Session\\Middleware\\StartSession->handleStatefulRequest()
#23 /home/idx/PhpstormProjects/Festival_Sajat_Gyakorlas/Festival_Sajat_Gyakorlas/vendor/laravel/framework/src/Illuminate/Pipeline/Pipeline.php(180): Illuminate\\Session\\Middleware\\StartSession->handle()
#24 /home/idx/PhpstormProjects/Festival_Sajat_Gyakorlas/Festival_Sajat_Gyakorlas/vendor/laravel/framework/src/Illuminate/Cookie/Middleware/AddQueuedCookiesToResponse.php(37): Illuminate\\Pipeline\\Pipeline->Illuminate\\Pipeline\\{closure}()
#25 /home/idx/PhpstormProjects/Festival_Sajat_Gyakorlas/Festival_Sajat_Gyakorlas/vendor/laravel/framework/src/Illuminate/Pipeline/Pipeline.php(180): Illuminate\\Cookie\\Middleware\\AddQueuedCookiesToResponse->handle()
#26 /home/idx/PhpstormProjects/Festival_Sajat_Gyakorlas/Festival_Sajat_Gyakorlas/vendor/laravel/framework/src/Illuminate/Cookie/Middleware/EncryptCookies.php(67): Illuminate\\Pipeline\\Pipeline->Illuminate\\Pipeline\\{closure}()
#27 /home/idx/PhpstormProjects/Festival_Sajat_Gyakorlas/Festival_Sajat_Gyakorlas/vendor/laravel/framework/src/Illuminate/Pipeline/Pipeline.php(180): Illuminate\\Cookie\\Middleware\\EncryptCookies->handle()
#28 /home/idx/PhpstormProjects/Festival_Sajat_Gyakorlas/Festival_Sajat_Gyakorlas/vendor/laravel/framework/src/Illuminate/Pipeline/Pipeline.php(116): Illuminate\\Pipeline\\Pipeline->Illuminate\\Pipeline\\{closure}()
#29 /home/idx/PhpstormProjects/Festival_Sajat_Gyakorlas/Festival_Sajat_Gyakorlas/vendor/laravel/framework/src/Illuminate/Routing/Router.php(726): Illuminate\\Pipeline\\Pipeline->then()
#30 /home/idx/PhpstormProjects/Festival_Sajat_Gyakorlas/Festival_Sajat_Gyakorlas/vendor/laravel/framework/src/Illuminate/Routing/Router.php(703): Illuminate\\Routing\\Router->runRouteWithinStack()
#31 /home/idx/PhpstormProjects/Festival_Sajat_Gyakorlas/Festival_Sajat_Gyakorlas/vendor/laravel/framework/src/Illuminate/Routing/Router.php(667): Illuminate\\Routing\\Router->runRoute()
#32 /home/idx/PhpstormProjects/Festival_Sajat_Gyakorlas/Festival_Sajat_Gyakorlas/vendor/laravel/framework/src/Illuminate/Routing/Router.php(656): Illuminate\\Routing\\Router->dispatchToRoute()
#33 /home/idx/PhpstormProjects/Festival_Sajat_Gyakorlas/Festival_Sajat_Gyakorlas/vendor/laravel/framework/src/Illuminate/Foundation/Http/Kernel.php(167): Illuminate\\Routing\\Router->dispatch()
#34 /home/idx/PhpstormProjects/Festival_Sajat_Gyakorlas/Festival_Sajat_Gyakorlas/vendor/laravel/framework/src/Illuminate/Pipeline/Pipeline.php(141): Illuminate\\Foundation\\Http\\Kernel->Illuminate\\Foundation\\Http\\{closure}()
#35 /home/idx/PhpstormProjects/Festival_Sajat_Gyakorlas/Festival_Sajat_Gyakorlas/vendor/laravel/framework/src/Illuminate/Foundation/Http/Middleware/TransformsRequest.php(21): Illuminate\\Pipeline\\Pipeline->Illuminate\\Pipeline\\{closure}()
#36 /home/idx/PhpstormProjects/Festival_Sajat_Gyakorlas/Festival_Sajat_Gyakorlas/vendor/laravel/framework/src/Illuminate/Foundation/Http/Middleware/ConvertEmptyStringsToNull.php(31): Illuminate\\Foundation\\Http\\Middleware\\TransformsRequest->handle()
#37 /home/idx/PhpstormProjects/Festival_Sajat_Gyakorlas/Festival_Sajat_Gyakorlas/vendor/laravel/framework/src/Illuminate/Pipeline/Pipeline.php(180): Illuminate\\Foundation\\Http\\Middleware\\ConvertEmptyStringsToNull->handle()
#38 /home/idx/PhpstormProjects/Festival_Sajat_Gyakorlas/Festival_Sajat_Gyakorlas/vendor/laravel/framework/src/Illuminate/Foundation/Http/Middleware/TransformsRequest.php(21): Illuminate\\Pipeline\\Pipeline->Illuminate\\Pipeline\\{closure}()
#39 /home/idx/PhpstormProjects/Festival_Sajat_Gyakorlas/Festival_Sajat_Gyakorlas/vendor/laravel/framework/src/Illuminate/Foundation/Http/Middleware/TrimStrings.php(40): Illuminate\\Foundation\\Http\\Middleware\\TransformsRequest->handle()
#40 /home/idx/PhpstormProjects/Festival_Sajat_Gyakorlas/Festival_Sajat_Gyakorlas/vendor/laravel/framework/src/Illuminate/Pipeline/Pipeline.php(180): Illuminate\\Foundation\\Http\\Middleware\\TrimStrings->handle()
#41 /home/idx/PhpstormProjects/Festival_Sajat_Gyakorlas/Festival_Sajat_Gyakorlas/vendor/laravel/framework/src/Illuminate/Foundation/Http/Middleware/ValidatePostSize.php(27): Illuminate\\Pipeline\\Pipeline->Illuminate\\Pipeline\\{closure}()
#42 /home/idx/PhpstormProjects/Festival_Sajat_Gyakorlas/Festival_Sajat_Gyakorlas/vendor/laravel/framework/src/Illuminate/Pipeline/Pipeline.php(180): Illuminate\\Foundation\\Http\\Middleware\\ValidatePostSize->handle()
#43 /home/idx/PhpstormProjects/Festival_Sajat_Gyakorlas/Festival_Sajat_Gyakorlas/vendor/laravel/framework/src/Illuminate/Foundation/Http/Middleware/PreventRequestsDuringMaintenance.php(86): Illuminate\\Pipeline\\Pipeline->Illuminate\\Pipeline\\{closure}()
#44 /home/idx/PhpstormProjects/Festival_Sajat_Gyakorlas/Festival_Sajat_Gyakorlas/vendor/laravel/framework/src/Illuminate/Pipeline/Pipeline.php(180): Illuminate\\Foundation\\Http\\Middleware\\PreventRequestsDuringMaintenance->handle()
#45 /home/idx/PhpstormProjects/Festival_Sajat_Gyakorlas/Festival_Sajat_Gyakorlas/vendor/laravel/framework/src/Illuminate/Http/Middleware/HandleCors.php(49): Illuminate\\Pipeline\\Pipeline->Illuminate\\Pipeline\\{closure}()
#46 /home/idx/PhpstormProjects/Festival_Sajat_Gyakorlas/Festival_Sajat_Gyakorlas/vendor/laravel/framework/src/Illuminate/Pipeline/Pipeline.php(180): Illuminate\\Http\\Middleware\\HandleCors->handle()
#47 /home/idx/PhpstormProjects/Festival_Sajat_Gyakorlas/Festival_Sajat_Gyakorlas/vendor/laravel/framework/src/Illuminate/Http/Middleware/TrustProxies.php(39): Illuminate\\Pipeline\\Pipeline->Illuminate\\Pipeline\\{closure}()
#48 /home/idx/PhpstormProjects/Festival_Sajat_Gyakorlas/Festival_Sajat_Gyakorlas/vendor/laravel/framework/src/Illuminate/Pipeline/Pipeline.php(180): Illuminate\\Http\\Middleware\\TrustProxies->handle()
#49 /home/idx/PhpstormProjects/Festival_Sajat_Gyakorlas/Festival_Sajat_Gyakorlas/vendor/laravel/framework/src/Illuminate/Pipeline/Pipeline.php(116): Illuminate\\Pipeline\\Pipeline->Illuminate\\Pipeline\\{closure}()
#50 /home/idx/PhpstormProjects/Festival_Sajat_Gyakorlas/Festival_Sajat_Gyakorlas/vendor/laravel/framework/src/Illuminate/Foundation/Http/Kernel.php(142): Illuminate\\Pipeline\\Pipeline->then()
#51 /home/idx/PhpstormProjects/Festival_Sajat_Gyakorlas/Festival_Sajat_Gyakorlas/vendor/laravel/framework/src/Illuminate/Foundation/Http/Kernel.php(111): Illuminate\\Foundation\\Http\\Kernel->sendRequestThroughRouter()
#52 /home/idx/PhpstormProjects/Festival_Sajat_Gyakorlas/Festival_Sajat_Gyakorlas/public/index.php(52): Illuminate\\Foundation\\Http\\Kernel->handle()
#53 /home/idx/PhpstormProjects/Festival_Sajat_Gyakorlas/Festival_Sajat_Gyakorlas/vendor/laravel/framework/src/Illuminate/Foundation/resources/server.php(16): require_once('...')
#54 {main}
"} 
[2022-08-17 17:55:53] local.INFO: [{"id":1,"festival_id":1,"name":"Aerosmith","picture":"mindegy","description":"Lorem Ipsum","artist_name":"Aerosmith","start_time":"2023-06-04 21:00:00","end_time":"2023-06-04 22:00:00","latitude":"10.00","longitude":"10.00","created_at":null,"updated_at":null,"pivot":{"user_id":18,"event_id":1}},{"id":2,"festival_id":1,"name":"Depeche","picture":"mindegy","description":"IpsumLorem","artist_name":"Depeche","start_time":"2023-06-07 20:00:00","end_time":"2023-06-07 22:00:00","latitude":"10.00","longitude":"10.00","created_at":null,"updated_at":null,"pivot":{"user_id":18,"event_id":2}}]  
[2022-08-17 17:56:36] local.INFO: [{"id":1,"festival_id":1,"name":"Aerosmith","picture":"mindegy","description":"Lorem Ipsum","artist_name":"Aerosmith","start_time":"2023-06-04 21:00:00","end_time":"2023-06-04 22:00:00","latitude":"10.00","longitude":"10.00","created_at":null,"updated_at":null,"pivot":{"user_id":18,"event_id":1}},{"id":2,"festival_id":1,"name":"Depeche","picture":"mindegy","description":"IpsumLorem","artist_name":"Depeche","start_time":"2023-06-07 20:00:00","end_time":"2023-06-07 22:00:00","latitude":"10.00","longitude":"10.00","created_at":null,"updated_at":null,"pivot":{"user_id":18,"event_id":2}}]  
[2022-08-17 17:58:29] local.INFO: [{"id":1,"festival_id":1,"name":"Aerosmith","picture":"mindegy","description":"Lorem Ipsum","artist_name":"Aerosmith","start_time":"2023-06-04 21:00:00","end_time":"2023-06-04 22:00:00","latitude":"10.00","longitude":"10.00","created_at":null,"updated_at":null,"pivot":{"user_id":19,"event_id":1}},{"id":2,"festival_id":1,"name":"Depeche","picture":"mindegy","description":"IpsumLorem","artist_name":"Depeche","start_time":"2023-06-07 20:00:00","end_time":"2023-06-07 22:00:00","latitude":"10.00","longitude":"10.00","created_at":null,"updated_at":null,"pivot":{"user_id":19,"event_id":2}}]  
